<?xml version="1.0" encoding="utf-8"?>
<log version="1.0" tool="runtool">

<msg id="1" tool="runtool">
  <type>log-start</type>
  <arg>2017/07/19 12:23:06</arg>
</msg>
<msg id="2" tool="runtool">
  <type>collector-starts</type>
</msg>
<msg id="3" tool="runtool">
  <type>marker-file</type>
  <arg>/home/AstroVPK/Documents/luDecomp/KLoop/e000/dp000/dp000.advixe</arg>
</msg>
<msg id="4" tool="tc">
  <type>START</type>
  <severity>INFO</severity>
  <timestamp>Wed Jul 19 12:23:06 2017</timestamp>
</msg>
<msg id="5" tool="tc">
  <type>EXEC_OF_INTEREST</type>
  <arg>/home/AstroVPK/code/lu/luDecomp</arg>
  <arg>13103</arg>
  <severity>INFO</severity>
  <timestamp>Wed Jul 19 12:23:06 2017</timestamp>
</msg>
<msg id="6" tool="tc">
  <type>LOAD_MODULE</type>
  <arg>/home/AstroVPK/code/lu/luDecomp</arg>
  <arg>0x400000</arg>
  <arg>0x6169df</arg>
  <severity>INFO</severity>
  <timestamp>Wed Jul 19 12:23:06 2017</timestamp>
</msg>
<msg id="7" tool="tc">
  <type>LOAD_MODULE</type>
  <arg>/lib64/ld-linux-x86-64.so.2</arg>
  <arg>0x7f01e50bb000</arg>
  <arg>0x7f01e52dd14f</arg>
  <severity>INFO</severity>
  <timestamp>Wed Jul 19 12:23:06 2017</timestamp>
</msg>
<msg id="8" tool="tc">
  <type>LOAD_MODULE</type>
  <arg>[vdso]</arg>
  <arg>0x7ffe15aac000</arg>
  <arg>0x7ffe15aacfdc</arg>
  <severity>INFO</severity>
  <timestamp>Wed Jul 19 12:23:06 2017</timestamp>
</msg>
<msg id="9" tool="tc">
  <type>LOAD_MODULE</type>
  <arg>/usr/lib64/libm.so.6</arg>
  <arg>0x7f01cff8b000</arg>
  <arg>0x7f01d028c147</arg>
  <severity>INFO</severity>
  <timestamp>Wed Jul 19 12:23:08 2017</timestamp>
</msg>
<msg id="10" tool="tc">
  <type>LOAD_MODULE</type>
  <arg>/home/AstroVPK/intel/compilers_and_libraries_2017.4.196/linux/compiler/lib/intel64/libiomp5.so</arg>
  <arg>0x7f01cfb6f000</arg>
  <arg>0x7f01cff129bf</arg>
  <severity>INFO</severity>
  <timestamp>Wed Jul 19 12:23:08 2017</timestamp>
</msg>
<msg id="11" tool="tc">
  <type>LOAD_MODULE</type>
  <arg>/usr/lib64/libmemkind.so.0</arg>
  <arg>0x7f01cf918000</arg>
  <arg>0x7f01cfb6ea07</arg>
  <severity>INFO</severity>
  <timestamp>Wed Jul 19 12:23:09 2017</timestamp>
</msg>
<msg id="12" tool="tc">
  <type>LOAD_MODULE</type>
  <arg>/usr/local/lib64/libstdc++.so.6</arg>
  <arg>0x7f01cf598000</arg>
  <arg>0x7f01cf91733f</arg>
  <severity>INFO</severity>
  <timestamp>Wed Jul 19 12:23:09 2017</timestamp>
</msg>
<msg id="13" tool="tc">
  <type>LOAD_MODULE</type>
  <arg>/usr/local/lib64/libgcc_s.so.1</arg>
  <arg>0x7f01cf381000</arg>
  <arg>0x7f01cf59744f</arg>
  <severity>INFO</severity>
  <timestamp>Wed Jul 19 12:23:10 2017</timestamp>
</msg>
<msg id="14" tool="tc">
  <type>LOAD_MODULE</type>
  <arg>/usr/lib64/libpthread.so.0</arg>
  <arg>0x7f01cf165000</arg>
  <arg>0x7f01cf38045f</arg>
  <severity>INFO</severity>
  <timestamp>Wed Jul 19 12:23:10 2017</timestamp>
</msg>
<msg id="15" tool="tc">
  <type>LOAD_MODULE</type>
  <arg>/usr/lib64/libc.so.6</arg>
  <arg>0x7f01ceda4000</arg>
  <arg>0x7f01cf1641ff</arg>
  <severity>INFO</severity>
  <timestamp>Wed Jul 19 12:23:10 2017</timestamp>
</msg>
<msg id="16" tool="tc">
  <type>LOAD_MODULE</type>
  <arg>/usr/lib64/libdl.so.2</arg>
  <arg>0x7f01ceba0000</arg>
  <arg>0x7f01ceda312f</arg>
  <severity>INFO</severity>
  <timestamp>Wed Jul 19 12:23:11 2017</timestamp>
</msg>
<msg id="17" tool="tc">
  <type>LOAD_MODULE</type>
  <arg>/usr/lib64/libnuma.so.1</arg>
  <arg>0x7f01ce97e000</arg>
  <arg>0x7f01ceb898e7</arg>
  <severity>INFO</severity>
  <timestamp>Wed Jul 19 12:23:11 2017</timestamp>
</msg>
<msg id="18" tool="tc">
  <type>LOAD_MODULE</type>
  <arg>/home/AstroVPK/intel/advisor_2017.1.3.510716/lib64/runtime/libittnotify.so</arg>
  <arg>0x7f01cb55d000</arg>
  <arg>0x7f01cb76889f</arg>
  <severity>INFO</severity>
  <timestamp>Wed Jul 19 12:23:17 2017</timestamp>
</msg>
<msg id="19" tool="tc">
  <type>UNLOAD_MODULE</type>
  <arg>/home/AstroVPK/code/lu/luDecomp</arg>
  <severity>INFO</severity>
  <timestamp>Wed Jul 19 12:40:53 2017</timestamp>
</msg>
<msg id="20" tool="tc">
  <type>UNLOAD_MODULE</type>
  <arg>/lib64/ld-linux-x86-64.so.2</arg>
  <severity>INFO</severity>
  <timestamp>Wed Jul 19 12:40:53 2017</timestamp>
</msg>
<msg id="21" tool="tc">
  <type>UNLOAD_MODULE</type>
  <arg>[vdso]</arg>
  <severity>INFO</severity>
  <timestamp>Wed Jul 19 12:40:53 2017</timestamp>
</msg>
<msg id="22" tool="tc">
  <type>UNLOAD_MODULE</type>
  <arg>/usr/lib64/libm.so.6</arg>
  <severity>INFO</severity>
  <timestamp>Wed Jul 19 12:40:53 2017</timestamp>
</msg>
<msg id="23" tool="tc">
  <type>UNLOAD_MODULE</type>
  <arg>/home/AstroVPK/intel/compilers_and_libraries_2017.4.196/linux/compiler/lib/intel64/libiomp5.so</arg>
  <severity>INFO</severity>
  <timestamp>Wed Jul 19 12:40:53 2017</timestamp>
</msg>
<msg id="24" tool="tc">
  <type>UNLOAD_MODULE</type>
  <arg>/usr/lib64/libmemkind.so.0</arg>
  <severity>INFO</severity>
  <timestamp>Wed Jul 19 12:40:53 2017</timestamp>
</msg>
<msg id="25" tool="tc">
  <type>UNLOAD_MODULE</type>
  <arg>/usr/local/lib64/libstdc++.so.6</arg>
  <severity>INFO</severity>
  <timestamp>Wed Jul 19 12:40:53 2017</timestamp>
</msg>
<msg id="26" tool="tc">
  <type>UNLOAD_MODULE</type>
  <arg>/usr/local/lib64/libgcc_s.so.1</arg>
  <severity>INFO</severity>
  <timestamp>Wed Jul 19 12:40:53 2017</timestamp>
</msg>
<msg id="27" tool="tc">
  <type>UNLOAD_MODULE</type>
  <arg>/usr/lib64/libpthread.so.0</arg>
  <severity>INFO</severity>
  <timestamp>Wed Jul 19 12:40:53 2017</timestamp>
</msg>
<msg id="28" tool="tc">
  <type>UNLOAD_MODULE</type>
  <arg>/usr/lib64/libc.so.6</arg>
  <severity>INFO</severity>
  <timestamp>Wed Jul 19 12:40:53 2017</timestamp>
</msg>
<msg id="29" tool="tc">
  <type>UNLOAD_MODULE</type>
  <arg>/usr/lib64/libdl.so.2</arg>
  <severity>INFO</severity>
  <timestamp>Wed Jul 19 12:40:53 2017</timestamp>
</msg>
<msg id="30" tool="tc">
  <type>UNLOAD_MODULE</type>
  <arg>/usr/lib64/libnuma.so.1</arg>
  <severity>INFO</severity>
  <timestamp>Wed Jul 19 12:40:53 2017</timestamp>
</msg>
<msg id="31" tool="tc">
  <type>UNLOAD_MODULE</type>
  <arg>/home/AstroVPK/intel/advisor_2017.1.3.510716/lib64/runtime/libittnotify.so</arg>
  <severity>INFO</severity>
  <timestamp>Wed Jul 19 12:40:53 2017</timestamp>
</msg>
<msg id="32" tool="tc">
  <type>PROCESS_TERMINATE</type>
  <arg>/home/AstroVPK/code/lu/luDecomp</arg>
  <arg>13103</arg>
  <severity>INFO</severity>
  <timestamp>Wed Jul 19 12:40:53 2017</timestamp>
</msg>
<msg id="33" tool="tc">
  <type>ANALYSIS_COMPLETE</type>
  <severity>INFO</severity>
  <timestamp>Wed Jul 19 12:40:53 2017</timestamp>
</msg>
<msg id="34" tool="tc">
  <type>STOP</type>
  <severity>INFO</severity>
  <timestamp>Wed Jul 19 12:40:53 2017</timestamp>
</msg>
<msg id="35" tool="runtool">
  <type>app-exit-code</type>
  <arg>0</arg>
</msg>
<msg id="36" tool="runtool">
  <type>marker-file</type>
  <arg>/home/AstroVPK/Documents/luDecomp/KLoop/e000/dp000/dp000.advixe</arg>
</msg>
<msg id="37" tool="runtool">
  <type>collector-done</type>
</msg>
<msg id="38" tool="runtool">
  <type>log-end</type>
  <arg>2017/07/19 12:40:56</arg>
</msg>

</log>

