<?xml version="1.0" encoding="utf-8" ?>
<!-- DO NOT EDIT THIS FILE -->

<log version='2.0' source='tcet'>
	<!-- Opened annotation file /home/AstroVPK/intel/advisor_2017.1.3.510716/lib64/../config/tc/qt.ant -->
	<!-- Opened annotation file /home/AstroVPK/intel/advisor_2017.1.3.510716/lib64/../config/tc/cpp11.ant -->
	<!-- Opened annotation file /home/AstroVPK/intel/advisor_2017.1.3.510716/lib64/../config/tc/fortran.ant -->
	<!-- Opened annotation file /home/AstroVPK/intel/advisor_2017.1.3.510716/lib64/../config/tc/icl.ant -->
	<!-- Opened annotation file /home/AstroVPK/intel/advisor_2017.1.3.510716/lib64/../config/tc/allocators.ant -->
	<!-- Opened annotation file /home/AstroVPK/intel/advisor_2017.1.3.510716/lib64/../config/tc/userapi.ant -->
	<msg id='1' display='false' source='tccore'>
		<type>START</type>
		<severity>INFO</severity>
		<timestamp>Thu Jul 20 11:21:06 2017</timestamp>
	</msg>
	<!-- Successfully loaded CCRT 13.1.2 at address 0x7f9640029000 - 0x7f9640032000 -->
	<!-- Successfully loaded the TC Analysis Core 8.1.5 at address 0x7f962cf9c000 - 0x7f962cfd8000 -->
	<!-- Successfully loaded the TC Instrumentation Engine 8.1.5 at address 0x7f9640032000 - 0x7f964028e000 -->
	<!-- This is the instance of interest -->
	<msg id='2' source='tcet'>
		<type>EXEC_OF_INTEREST</type>
		<severity>INFO</severity>
		<timestamp>Thu Jul 20 11:21:06 2017</timestamp>
		<arg name='process'>/home/AstroVPK/code/lu/luDecomp</arg>
		<arg name='pid'>29768</arg>
	</msg>
	<msg id='3' source='tcet'>
		<type>LOAD_MODULE</type>
		<severity>INFO</severity>
		<timestamp>Thu Jul 20 11:21:06 2017</timestamp>
		<arg name='module'>/home/AstroVPK/code/lu/luDecomp</arg>
		<arg name='basement'>0x400000</arg>
		<arg name='ceiling'>0x6169df</arg>
	</msg>
	<msg id='4' source='tcet'>
		<type>LOAD_MODULE</type>
		<severity>INFO</severity>
		<timestamp>Thu Jul 20 11:21:06 2017</timestamp>
		<arg name='module'>/lib64/ld-linux-x86-64.so.2</arg>
		<arg name='basement'>0x7f9641011000</arg>
		<arg name='ceiling'>0x7f964123314f</arg>
	</msg>
	<msg id='5' source='tcet'>
		<type>LOAD_MODULE</type>
		<severity>INFO</severity>
		<timestamp>Thu Jul 20 11:21:06 2017</timestamp>
		<arg name='module'>[vdso]</arg>
		<arg name='basement'>0x7ffc24869000</arg>
		<arg name='ceiling'>0x7ffc24869fdc</arg>
	</msg>
	<msg id='6' source='tcet'>
		<type>FATAL_SIGNAL</type>
		<severity>WARNING</severity>
		<timestamp>Thu Jul 20 11:21:07 2017</timestamp>
	</msg>
	<msg id='7' source='tcet'>
		<type>UNLOAD_MODULE</type>
		<severity>INFO</severity>
		<timestamp>Thu Jul 20 11:21:07 2017</timestamp>
		<arg name='module'>/home/AstroVPK/code/lu/luDecomp</arg>
	</msg>
	<msg id='8' source='tcet'>
		<type>UNLOAD_MODULE</type>
		<severity>INFO</severity>
		<timestamp>Thu Jul 20 11:21:07 2017</timestamp>
		<arg name='module'>/lib64/ld-linux-x86-64.so.2</arg>
	</msg>
	<msg id='9' source='tcet'>
		<type>UNLOAD_MODULE</type>
		<severity>INFO</severity>
		<timestamp>Thu Jul 20 11:21:07 2017</timestamp>
		<arg name='module'>[vdso]</arg>
	</msg>
	<msg id='10' source='tcet'>
		<type>PROCESS_TERMINATE</type>
		<severity>INFO</severity>
		<timestamp>Thu Jul 20 11:21:07 2017</timestamp>
		<arg name='process'>/home/AstroVPK/code/lu/luDecomp</arg>
		<arg name='pid'>29768</arg>
	</msg>
	<msg id='11' source='tccore'>
		<type>NO_ANNOTATIONS</type>
		<severity>WARNING</severity>
		<timestamp>Thu Jul 20 11:21:07 2017</timestamp>
	</msg>
	<msg id='12' display='false' source='tccore'>
		<type>ANALYSIS_COMPLETE</type>
		<severity>INFO</severity>
		<timestamp>Thu Jul 20 11:21:07 2017</timestamp>
	</msg>
	<msg id='13' display='false' source='tccore'>
		<type>STOP</type>
		<severity>INFO</severity>
		<timestamp>Thu Jul 20 11:21:07 2017</timestamp>
	</msg>
</log>