<?xml version="1.0" encoding="utf-8"?>
<log version="1.0" tool="runtool">

<msg id="1" tool="runtool">
  <type>log-start</type>
  <arg>2017/07/11 13:58:56</arg>
</msg>
<msg id="2" tool="runtool">
  <type>collector-starts</type>
</msg>
<msg id="3" tool="runtool">
  <type>marker-file</type>
  <arg>/home/AstroVPK/Documents/luDecomp/RegVec/e000/trc000/trc000.advixe</arg>
</msg>
<msg id="4" tool="trc">
  <type>ProcessStart</type>
  <arg>/home/AstroVPK/code/lu/luDecomp</arg>
  <arg>13708</arg>
  <severity>INFO</severity>
  <timestamp>Tue Jul 11 13:58:57 2017</timestamp>
</msg>
<msg id="5" tool="trc">
  <type>ProcessAnalysisMode</type>
  <arg>full</arg>
  <severity>INFO</severity>
  <timestamp>Tue Jul 11 13:58:57 2017</timestamp>
</msg>
<msg id="6" tool="trc">
  <type>LoadModule</type>
  <arg>/home/AstroVPK/code/lu/luDecomp</arg>
  <arg>0x400000</arg>
  <arg>0x6169bf</arg>
  <severity>INFO</severity>
  <timestamp>Tue Jul 11 13:58:57 2017</timestamp>
</msg>
<msg id="7" tool="trc">
  <type>LoadModule</type>
  <arg>/lib64/ld-linux-x86-64.so.2</arg>
  <arg>0x7ff0fb4ce000</arg>
  <arg>0x7ff0fb6f014f</arg>
  <severity>INFO</severity>
  <timestamp>Tue Jul 11 13:58:57 2017</timestamp>
</msg>
<msg id="8" tool="trc">
  <type>LoadModule</type>
  <arg>[vdso]</arg>
  <arg>0x7ffca2bea000</arg>
  <arg>0x7ffca2beafdc</arg>
  <severity>INFO</severity>
  <timestamp>Tue Jul 11 13:58:57 2017</timestamp>
</msg>
<msg id="9" tool="trc">
  <type>LoadModule</type>
  <arg>/lib64/libm.so.6</arg>
  <arg>0x7ff0e6b23000</arg>
  <arg>0x7ff0e6e24147</arg>
  <severity>INFO</severity>
  <timestamp>Tue Jul 11 13:58:58 2017</timestamp>
</msg>
<msg id="10" tool="trc">
  <type>LoadModule</type>
  <arg>/opt/intel/compilers_and_libraries_2017.4.196/linux/compiler/lib/intel64/libiomp5.so</arg>
  <arg>0x7ff0e675e000</arg>
  <arg>0x7ff0e6b019bf</arg>
  <severity>INFO</severity>
  <timestamp>Tue Jul 11 13:58:58 2017</timestamp>
</msg>
<msg id="11" tool="trc">
  <type>LoadModule</type>
  <arg>/lib64/libmemkind.so.0</arg>
  <arg>0x7ff0e6507000</arg>
  <arg>0x7ff0e675da07</arg>
  <severity>INFO</severity>
  <timestamp>Tue Jul 11 13:58:58 2017</timestamp>
</msg>
<msg id="12" tool="trc">
  <type>LoadModule</type>
  <arg>/lib64/libstdc++.so.6</arg>
  <arg>0x7ff0e61fe000</arg>
  <arg>0x7ff0e650641f</arg>
  <severity>INFO</severity>
  <timestamp>Tue Jul 11 13:58:58 2017</timestamp>
</msg>
<msg id="13" tool="trc">
  <type>LoadModule</type>
  <arg>/lib64/libgcc_s.so.1</arg>
  <arg>0x7ff0e5fe8000</arg>
  <arg>0x7ff0e61fd3ff</arg>
  <severity>INFO</severity>
  <timestamp>Tue Jul 11 13:58:58 2017</timestamp>
</msg>
<msg id="14" tool="trc">
  <type>LoadModule</type>
  <arg>/lib64/libpthread.so.0</arg>
  <arg>0x7ff0e5dcc000</arg>
  <arg>0x7ff0e5fe745f</arg>
  <severity>INFO</severity>
  <timestamp>Tue Jul 11 13:58:58 2017</timestamp>
</msg>
<msg id="15" tool="trc">
  <type>LoadModule</type>
  <arg>/lib64/libc.so.6</arg>
  <arg>0x7ff0e5a0b000</arg>
  <arg>0x7ff0e5dcb1ff</arg>
  <severity>INFO</severity>
  <timestamp>Tue Jul 11 13:58:58 2017</timestamp>
</msg>
<msg id="16" tool="trc">
  <type>LoadModule</type>
  <arg>/lib64/libdl.so.2</arg>
  <arg>0x7ff0e5807000</arg>
  <arg>0x7ff0e5a0a12f</arg>
  <severity>INFO</severity>
  <timestamp>Tue Jul 11 13:58:58 2017</timestamp>
</msg>
<msg id="17" tool="trc">
  <type>LoadModule</type>
  <arg>/lib64/libnuma.so.1</arg>
  <arg>0x7ff0e55e7000</arg>
  <arg>0x7ff0e57f28e7</arg>
  <severity>INFO</severity>
  <timestamp>Tue Jul 11 13:58:58 2017</timestamp>
</msg>
<msg id="18" tool="trc">
  <type>LoadModule</type>
  <arg>/opt/intel/advisor_2017.1.3.510716/lib64/runtime/libittnotify.so</arg>
  <arg>0x7ff0e412e000</arg>
  <arg>0x7ff0e433989f</arg>
  <severity>INFO</severity>
  <timestamp>Tue Jul 11 13:59:01 2017</timestamp>
</msg>
<msg id="19" tool="trc">
  <type>UnloadModule</type>
  <arg>/home/AstroVPK/code/lu/luDecomp</arg>
  <severity>INFO</severity>
  <timestamp>Tue Jul 11 13:59:14 2017</timestamp>
</msg>
<msg id="20" tool="trc">
  <type>UnloadModule</type>
  <arg>/lib64/ld-linux-x86-64.so.2</arg>
  <severity>INFO</severity>
  <timestamp>Tue Jul 11 13:59:14 2017</timestamp>
</msg>
<msg id="21" tool="trc">
  <type>UnloadModule</type>
  <arg>[vdso]</arg>
  <severity>INFO</severity>
  <timestamp>Tue Jul 11 13:59:14 2017</timestamp>
</msg>
<msg id="22" tool="trc">
  <type>UnloadModule</type>
  <arg>/lib64/libm.so.6</arg>
  <severity>INFO</severity>
  <timestamp>Tue Jul 11 13:59:14 2017</timestamp>
</msg>
<msg id="23" tool="trc">
  <type>UnloadModule</type>
  <arg>/opt/intel/compilers_and_libraries_2017.4.196/linux/compiler/lib/intel64/libiomp5.so</arg>
  <severity>INFO</severity>
  <timestamp>Tue Jul 11 13:59:14 2017</timestamp>
</msg>
<msg id="24" tool="trc">
  <type>UnloadModule</type>
  <arg>/lib64/libmemkind.so.0</arg>
  <severity>INFO</severity>
  <timestamp>Tue Jul 11 13:59:14 2017</timestamp>
</msg>
<msg id="25" tool="trc">
  <type>UnloadModule</type>
  <arg>/lib64/libstdc++.so.6</arg>
  <severity>INFO</severity>
  <timestamp>Tue Jul 11 13:59:14 2017</timestamp>
</msg>
<msg id="26" tool="trc">
  <type>UnloadModule</type>
  <arg>/lib64/libgcc_s.so.1</arg>
  <severity>INFO</severity>
  <timestamp>Tue Jul 11 13:59:14 2017</timestamp>
</msg>
<msg id="27" tool="trc">
  <type>UnloadModule</type>
  <arg>/lib64/libpthread.so.0</arg>
  <severity>INFO</severity>
  <timestamp>Tue Jul 11 13:59:14 2017</timestamp>
</msg>
<msg id="28" tool="trc">
  <type>UnloadModule</type>
  <arg>/lib64/libc.so.6</arg>
  <severity>INFO</severity>
  <timestamp>Tue Jul 11 13:59:14 2017</timestamp>
</msg>
<msg id="29" tool="trc">
  <type>UnloadModule</type>
  <arg>/lib64/libdl.so.2</arg>
  <severity>INFO</severity>
  <timestamp>Tue Jul 11 13:59:14 2017</timestamp>
</msg>
<msg id="30" tool="trc">
  <type>UnloadModule</type>
  <arg>/lib64/libnuma.so.1</arg>
  <severity>INFO</severity>
  <timestamp>Tue Jul 11 13:59:14 2017</timestamp>
</msg>
<msg id="31" tool="trc">
  <type>UnloadModule</type>
  <arg>/opt/intel/advisor_2017.1.3.510716/lib64/runtime/libittnotify.so</arg>
  <severity>INFO</severity>
  <timestamp>Tue Jul 11 13:59:14 2017</timestamp>
</msg>
<msg id="32" tool="trc">
  <type>ProcessFinish</type>
  <arg>/home/AstroVPK/code/lu/luDecomp</arg>
  <arg>13708</arg>
  <arg>0x0</arg>
  <severity>INFO</severity>
  <timestamp>Tue Jul 11 13:59:14 2017</timestamp>
</msg>
<msg id="33" tool="runtool">
  <type>app-exit-code</type>
  <arg>0</arg>
</msg>
<msg id="34" tool="runtool">
  <type>marker-file</type>
  <arg>/home/AstroVPK/Documents/luDecomp/RegVec/e000/trc000/trc000.advixe</arg>
</msg>
<msg id="35" tool="runtool">
  <type>collector-done</type>
</msg>
<msg id="36" tool="runtool">
  <type>log-end</type>
  <arg>2017/07/11 13:59:18</arg>
</msg>

</log>

