<?xml version="1.0" encoding="utf-8"?>
<log version="1.0" tool="runtool">

<msg id="1" tool="runtool">
  <type>log-start</type>
  <arg>2017/07/20 11:33:13</arg>
</msg>
<msg id="2" tool="runtool">
  <type>collector-starts</type>
</msg>
<msg id="3" tool="runtool">
  <type>marker-file</type>
  <arg>/home/AstroVPK/Documents/luDecomp/Annot/e000/dp002/dp002.advixe</arg>
</msg>
<msg id="4" tool="tc">
  <type>START</type>
  <severity>INFO</severity>
  <timestamp>Thu Jul 20 11:33:13 2017</timestamp>
</msg>
<msg id="5" tool="tc">
  <type>EXEC_OF_INTEREST</type>
  <arg>/home/AstroVPK/code/lu/luDecomp</arg>
  <arg>30689</arg>
  <severity>INFO</severity>
  <timestamp>Thu Jul 20 11:33:13 2017</timestamp>
</msg>
<msg id="6" tool="tc">
  <type>LOAD_MODULE</type>
  <arg>/home/AstroVPK/code/lu/luDecomp</arg>
  <arg>0x400000</arg>
  <arg>0x6169df</arg>
  <severity>INFO</severity>
  <timestamp>Thu Jul 20 11:33:13 2017</timestamp>
</msg>
<msg id="7" tool="tc">
  <type>LOAD_MODULE</type>
  <arg>/lib64/ld-linux-x86-64.so.2</arg>
  <arg>0x7f7d885b8000</arg>
  <arg>0x7f7d887da14f</arg>
  <severity>INFO</severity>
  <timestamp>Thu Jul 20 11:33:14 2017</timestamp>
</msg>
<msg id="8" tool="tc">
  <type>LOAD_MODULE</type>
  <arg>[vdso]</arg>
  <arg>0x7ffeec170000</arg>
  <arg>0x7ffeec170fdc</arg>
  <severity>INFO</severity>
  <timestamp>Thu Jul 20 11:33:14 2017</timestamp>
</msg>
<msg id="9" tool="tc">
  <type>LOAD_MODULE</type>
  <arg>/usr/lib64/libm.so.6</arg>
  <arg>0x7f7d73489000</arg>
  <arg>0x7f7d7378a147</arg>
  <severity>INFO</severity>
  <timestamp>Thu Jul 20 11:33:16 2017</timestamp>
</msg>
<msg id="10" tool="tc">
  <type>LOAD_MODULE</type>
  <arg>/home/AstroVPK/intel/compilers_and_libraries_2017.4.196/linux/compiler/lib/intel64/libiomp5.so</arg>
  <arg>0x7f7d7306d000</arg>
  <arg>0x7f7d734109bf</arg>
  <severity>INFO</severity>
  <timestamp>Thu Jul 20 11:33:16 2017</timestamp>
</msg>
<msg id="11" tool="tc">
  <type>LOAD_MODULE</type>
  <arg>/usr/lib64/libmemkind.so.0</arg>
  <arg>0x7f7d72e16000</arg>
  <arg>0x7f7d7306ca07</arg>
  <severity>INFO</severity>
  <timestamp>Thu Jul 20 11:33:16 2017</timestamp>
</msg>
<msg id="12" tool="tc">
  <type>LOAD_MODULE</type>
  <arg>/usr/local/lib64/libstdc++.so.6</arg>
  <arg>0x7f7d72a96000</arg>
  <arg>0x7f7d72e1533f</arg>
  <severity>INFO</severity>
  <timestamp>Thu Jul 20 11:33:17 2017</timestamp>
</msg>
<msg id="13" tool="tc">
  <type>LOAD_MODULE</type>
  <arg>/usr/local/lib64/libgcc_s.so.1</arg>
  <arg>0x7f7d7287f000</arg>
  <arg>0x7f7d72a9544f</arg>
  <severity>INFO</severity>
  <timestamp>Thu Jul 20 11:33:18 2017</timestamp>
</msg>
<msg id="14" tool="tc">
  <type>LOAD_MODULE</type>
  <arg>/usr/lib64/libpthread.so.0</arg>
  <arg>0x7f7d72663000</arg>
  <arg>0x7f7d7287e45f</arg>
  <severity>INFO</severity>
  <timestamp>Thu Jul 20 11:33:18 2017</timestamp>
</msg>
<msg id="15" tool="tc">
  <type>LOAD_MODULE</type>
  <arg>/usr/lib64/libc.so.6</arg>
  <arg>0x7f7d722a2000</arg>
  <arg>0x7f7d726621ff</arg>
  <severity>INFO</severity>
  <timestamp>Thu Jul 20 11:33:18 2017</timestamp>
</msg>
<msg id="16" tool="tc">
  <type>LOAD_MODULE</type>
  <arg>/usr/lib64/libdl.so.2</arg>
  <arg>0x7f7d7209e000</arg>
  <arg>0x7f7d722a112f</arg>
  <severity>INFO</severity>
  <timestamp>Thu Jul 20 11:33:18 2017</timestamp>
</msg>
<msg id="17" tool="tc">
  <type>LOAD_MODULE</type>
  <arg>/usr/lib64/libnuma.so.1</arg>
  <arg>0x7f7d71e7c000</arg>
  <arg>0x7f7d720878e7</arg>
  <severity>INFO</severity>
  <timestamp>Thu Jul 20 11:33:19 2017</timestamp>
</msg>
<msg id="18" tool="tc">
  <type>LOAD_MODULE</type>
  <arg>/home/AstroVPK/intel/advisor_2017.1.3.510716/lib64/runtime/libittnotify.so</arg>
  <arg>0x7f7d6e5f4000</arg>
  <arg>0x7f7d6e7ff89f</arg>
  <severity>INFO</severity>
  <timestamp>Thu Jul 20 11:33:24 2017</timestamp>
</msg>
<msg id="19" tool="tc">
  <type>UNLOAD_MODULE</type>
  <arg>/home/AstroVPK/code/lu/luDecomp</arg>
  <severity>INFO</severity>
  <timestamp>Thu Jul 20 11:34:48 2017</timestamp>
</msg>
<msg id="20" tool="tc">
  <type>UNLOAD_MODULE</type>
  <arg>/lib64/ld-linux-x86-64.so.2</arg>
  <severity>INFO</severity>
  <timestamp>Thu Jul 20 11:34:48 2017</timestamp>
</msg>
<msg id="21" tool="tc">
  <type>UNLOAD_MODULE</type>
  <arg>[vdso]</arg>
  <severity>INFO</severity>
  <timestamp>Thu Jul 20 11:34:48 2017</timestamp>
</msg>
<msg id="22" tool="tc">
  <type>UNLOAD_MODULE</type>
  <arg>/usr/lib64/libm.so.6</arg>
  <severity>INFO</severity>
  <timestamp>Thu Jul 20 11:34:48 2017</timestamp>
</msg>
<msg id="23" tool="tc">
  <type>UNLOAD_MODULE</type>
  <arg>/home/AstroVPK/intel/compilers_and_libraries_2017.4.196/linux/compiler/lib/intel64/libiomp5.so</arg>
  <severity>INFO</severity>
  <timestamp>Thu Jul 20 11:34:48 2017</timestamp>
</msg>
<msg id="24" tool="tc">
  <type>UNLOAD_MODULE</type>
  <arg>/usr/lib64/libmemkind.so.0</arg>
  <severity>INFO</severity>
  <timestamp>Thu Jul 20 11:34:48 2017</timestamp>
</msg>
<msg id="25" tool="tc">
  <type>UNLOAD_MODULE</type>
  <arg>/usr/local/lib64/libstdc++.so.6</arg>
  <severity>INFO</severity>
  <timestamp>Thu Jul 20 11:34:48 2017</timestamp>
</msg>
<msg id="26" tool="tc">
  <type>UNLOAD_MODULE</type>
  <arg>/usr/local/lib64/libgcc_s.so.1</arg>
  <severity>INFO</severity>
  <timestamp>Thu Jul 20 11:34:48 2017</timestamp>
</msg>
<msg id="27" tool="tc">
  <type>UNLOAD_MODULE</type>
  <arg>/usr/lib64/libpthread.so.0</arg>
  <severity>INFO</severity>
  <timestamp>Thu Jul 20 11:34:48 2017</timestamp>
</msg>
<msg id="28" tool="tc">
  <type>UNLOAD_MODULE</type>
  <arg>/usr/lib64/libc.so.6</arg>
  <severity>INFO</severity>
  <timestamp>Thu Jul 20 11:34:48 2017</timestamp>
</msg>
<msg id="29" tool="tc">
  <type>UNLOAD_MODULE</type>
  <arg>/usr/lib64/libdl.so.2</arg>
  <severity>INFO</severity>
  <timestamp>Thu Jul 20 11:34:48 2017</timestamp>
</msg>
<msg id="30" tool="tc">
  <type>UNLOAD_MODULE</type>
  <arg>/usr/lib64/libnuma.so.1</arg>
  <severity>INFO</severity>
  <timestamp>Thu Jul 20 11:34:48 2017</timestamp>
</msg>
<msg id="31" tool="tc">
  <type>UNLOAD_MODULE</type>
  <arg>/home/AstroVPK/intel/advisor_2017.1.3.510716/lib64/runtime/libittnotify.so</arg>
  <severity>INFO</severity>
  <timestamp>Thu Jul 20 11:34:48 2017</timestamp>
</msg>
<msg id="32" tool="tc">
  <type>PROCESS_TERMINATE</type>
  <arg>/home/AstroVPK/code/lu/luDecomp</arg>
  <arg>30689</arg>
  <severity>INFO</severity>
  <timestamp>Thu Jul 20 11:34:48 2017</timestamp>
</msg>
<msg id="33" tool="tc">
  <type>ANALYSIS_COMPLETE</type>
  <severity>INFO</severity>
  <timestamp>Thu Jul 20 11:34:48 2017</timestamp>
</msg>
<msg id="34" tool="tc">
  <type>STOP</type>
  <severity>INFO</severity>
  <timestamp>Thu Jul 20 11:34:48 2017</timestamp>
</msg>
<msg id="35" tool="runtool">
  <type>app-exit-code</type>
  <arg>0</arg>
</msg>
<msg id="36" tool="runtool">
  <type>marker-file</type>
  <arg>/home/AstroVPK/Documents/luDecomp/Annot/e000/dp002/dp002.advixe</arg>
</msg>
<msg id="37" tool="runtool">
  <type>collector-done</type>
</msg>
<msg id="38" tool="runtool">
  <type>log-end</type>
  <arg>2017/07/20 11:34:51</arg>
</msg>

</log>

