<?xml version="1.0" encoding="utf-8" ?>
<!-- DO NOT EDIT THIS FILE -->

<log version='2.0' source='trc'>
	<msg id='1' display='false' source='trc'>
		<type>ProcessStart</type>
		<severity>INFO</severity>
		<timestamp>Fri Jun 30 16:20:56 2017</timestamp>
		<arg name='process'>/home/AstroVPK/code/lu/luDecomp</arg>
		<arg name='pid'>92396</arg>
	</msg>
	<!-- Instrumentation filter's state:
    Patterns applicability:
        Generic loop pattern.....................: enabled
        Generic loop pattern (with dynamic jumps): enabled
        Known trip value loop pattern............: enabled
        Runtime final value loop pattern.........: enabled
        No initial IV loop pattern...............: enabled
        IV step only loop pattern................: enabled
        No entry loop pattern....................: enabled
    Clustered memory model (CMM) applicability:
        Generic loop pattern.....................: enabled
        Generic loop pattern (with dynamic jumps): enabled
        Known trip value loop pattern............: enabled
        Runtime final value loop pattern.........: enabled
        No initial IV loop pattern...............: enabled
        IV step only loop pattern................: enabled
        No entry loop pattern....................: disabled
 -->
	<!-- Callstack mode:
    filter modules.: true
    filter loops...: false
    filter routines: true
    count loops....: false
    count flops....: false
    trace..........: false
    dump raw.......: false
    dump final.....: false
    dump all.......: false
 -->
	<msg id='2' display='false' source='trc'>
		<type>ProcessAnalysisMode</type>
		<severity>INFO</severity>
		<timestamp>Fri Jun 30 16:20:56 2017</timestamp>
		<arg name='mode'>full</arg>
	</msg>
	<msg id='3' display='false' source='trc'>
		<type>LoadModule</type>
		<severity>INFO</severity>
		<timestamp>Fri Jun 30 16:20:56 2017</timestamp>
		<arg name='module'>/home/AstroVPK/code/lu/luDecomp</arg>
		<arg name='basement'>0x400000</arg>
		<arg name='ceiling'>0x61295f</arg>
	</msg>
	<!-- Instrumenting image: id = 1, name = /home/AstroVPK/code/lu/luDecomp -->
	<!-- Instrumenting routine: _start [0x1380] -->
	<!-- Instrumenting routine: main [0x1470] -->
	<!-- Instrumenting loops in routine "main" -->
	<!-- Instrumenting routine: _Z12VerifyResultiiPdS_ [0x2130] -->
	<!-- Instrumenting loops in routine "_Z12VerifyResultiiPdS_" -->
	<msg id='4' display='false' source='trc'>
		<type>LoadModule</type>
		<severity>INFO</severity>
		<timestamp>Fri Jun 30 16:20:56 2017</timestamp>
		<arg name='module'>/lib64/ld-linux-x86-64.so.2</arg>
		<arg name='basement'>0x7fbc75427000</arg>
		<arg name='ceiling'>0x7fbc7564914f</arg>
	</msg>
	<!-- Instrumentation of /lib64/ld-linux-x86-64.so.2 image skipped because of filter conditions [cs-mode]. -->
	<msg id='5' display='false' source='trc'>
		<type>LoadModule</type>
		<severity>INFO</severity>
		<timestamp>Fri Jun 30 16:20:56 2017</timestamp>
		<arg name='module'>[vdso]</arg>
		<arg name='basement'>0x7ffdb23cf000</arg>
		<arg name='ceiling'>0x7ffdb23cffdc</arg>
	</msg>
	<!-- Instrumentation of [vdso] image skipped because of filter conditions [cs-mode]. -->
	<msg id='6' display='false' source='trc'>
		<type>LoadModule</type>
		<severity>INFO</severity>
		<timestamp>Fri Jun 30 16:20:58 2017</timestamp>
		<arg name='module'>/lib64/libm.so.6</arg>
		<arg name='basement'>0x7fbc60a72000</arg>
		<arg name='ceiling'>0x7fbc60d73147</arg>
	</msg>
	<!-- Instrumentation of /lib64/libm.so.6 image skipped because of filter conditions [cs-mode]. -->
	<msg id='7' display='false' source='trc'>
		<type>LoadModule</type>
		<severity>INFO</severity>
		<timestamp>Fri Jun 30 16:20:58 2017</timestamp>
		<arg name='module'>/opt/intel/compilers_and_libraries_2017.4.196/linux/compiler/lib/intel64/libiomp5.so</arg>
		<arg name='basement'>0x7fbc606ad000</arg>
		<arg name='ceiling'>0x7fbc60a509bf</arg>
	</msg>
	<!-- Instrumenting image: id = 5, name = /opt/intel/compilers_and_libraries_2017.4.196/linux/compiler/lib/intel64/libiomp5.so -->
	<!-- Instrumenting routine: ___kmp_allocate [0x3BD30] -->
	<!-- Instrumenting routine: _ZN47_INTERNAL_25_______src_kmp_barrier_cpp_5678b64126__kmp_hyper_barrier_gatherE12barrier_typeP8kmp_infoiiPFvPvS3_ES3_ [0x54E70] -->
	<!-- Instrumenting loops in routine "_ZN47_INTERNAL_25_______src_kmp_barrier_cpp_5678b64126__kmp_hyper_barrier_gatherE12barrier_typeP8kmp_infoiiPFvPvS3_ES3_" -->
	<!-- Instrumenting routine: _ZN47_INTERNAL_25_______src_kmp_barrier_cpp_5678b64127__kmp_hyper_barrier_releaseE12barrier_typeP8kmp_infoiiiPv [0x57900] -->
	<!-- Instrumenting loops in routine "_ZN47_INTERNAL_25_______src_kmp_barrier_cpp_5678b64127__kmp_hyper_barrier_releaseE12barrier_typeP8kmp_infoiiiPv" -->
	<!-- Instrumenting routine: _Z18__kmp_join_barrieri [0x583C0] -->
	<!-- Instrumenting loops in routine "_Z18__kmp_join_barrieri" -->
	<!-- Instrumenting routine: _Z18__kmp_fork_barrierii [0x596A0] -->
	<!-- Instrumenting routine: __kmpc_fork_call [0x5BD10] -->
	<!-- Instrumenting routine: __kmp_allocate_thread [0x81E20] -->
	<!-- Instrumenting loops in routine "__kmp_allocate_thread" -->
	<!-- Instrumenting routine: __kmp_launch_thread [0x838D0] -->
	<!-- Instrumenting loops in routine "__kmp_launch_thread" -->
	<!-- Instrumenting routine: __kmp_invoke_task_func [0x842D0] -->
	<!-- Instrumenting routine: __kmp_fork_call [0x844E0] -->
	<!-- Instrumenting loops in routine "__kmp_fork_call" -->
	<!-- Instrumenting routine: __kmp_allocate_team [0x86470] -->
	<!-- Instrumenting loops in routine "__kmp_allocate_team" -->
	<!-- Instrumenting routine: __kmp_join_call [0x885E0] -->
	<!-- Instrumenting loops in routine "__kmp_join_call" -->
	<!-- Instrumenting routine: __kmp_internal_join [0x88E70] -->
	<!-- Instrumenting routine: __kmp_invoke_microtask [0xB4BC0] -->
	<!-- Instrumenting loops in routine "__kmp_invoke_microtask" -->
	<!-- Instrumenting routine: __kmp_yield [0xB4E40] -->
	<!-- Instrumenting routine: _ZN48_INTERNAL_26_______src_z_Linux_util_cpp_313effc419__kmp_launch_workerEPv [0xB4EB0] -->
	<!-- Instrumenting loops in routine "_ZN48_INTERNAL_26_______src_z_Linux_util_cpp_313effc419__kmp_launch_workerEPv" -->
	<!-- Instrumenting routine: __kmp_create_worker [0xB5680] -->
	<!-- Instrumenting loops in routine "__kmp_create_worker" -->
	<!-- Instrumenting routine: scalable_aligned_malloc [0xF8DE0] -->
	<msg id='8' display='false' source='trc'>
		<type>LoadModule</type>
		<severity>INFO</severity>
		<timestamp>Fri Jun 30 16:20:58 2017</timestamp>
		<arg name='module'>/lib64/libmemkind.so.0</arg>
		<arg name='basement'>0x7fbc60456000</arg>
		<arg name='ceiling'>0x7fbc606aca07</arg>
	</msg>
	<!-- Instrumentation of /lib64/libmemkind.so.0 image skipped because of filter conditions [cs-mode]. -->
	<msg id='9' display='false' source='trc'>
		<type>LoadModule</type>
		<severity>INFO</severity>
		<timestamp>Fri Jun 30 16:20:58 2017</timestamp>
		<arg name='module'>/lib64/libstdc++.so.6</arg>
		<arg name='basement'>0x7fbc6014d000</arg>
		<arg name='ceiling'>0x7fbc6045541f</arg>
	</msg>
	<!-- Instrumentation of /lib64/libstdc++.so.6 image skipped because of filter conditions [cs-mode]. -->
	<msg id='10' display='false' source='trc'>
		<type>LoadModule</type>
		<severity>INFO</severity>
		<timestamp>Fri Jun 30 16:20:58 2017</timestamp>
		<arg name='module'>/lib64/libgcc_s.so.1</arg>
		<arg name='basement'>0x7fbc5ff37000</arg>
		<arg name='ceiling'>0x7fbc6014c3ff</arg>
	</msg>
	<!-- Instrumentation of /lib64/libgcc_s.so.1 image skipped because of filter conditions [cs-mode]. -->
	<msg id='11' display='false' source='trc'>
		<type>LoadModule</type>
		<severity>INFO</severity>
		<timestamp>Fri Jun 30 16:20:58 2017</timestamp>
		<arg name='module'>/lib64/libpthread.so.0</arg>
		<arg name='basement'>0x7fbc5fd1b000</arg>
		<arg name='ceiling'>0x7fbc5ff3645f</arg>
	</msg>
	<!-- Instrumentation of /lib64/libpthread.so.0 image skipped because of filter conditions. -->
	<msg id='12' display='false' source='trc'>
		<type>LoadModule</type>
		<severity>INFO</severity>
		<timestamp>Fri Jun 30 16:20:58 2017</timestamp>
		<arg name='module'>/lib64/libc.so.6</arg>
		<arg name='basement'>0x7fbc5f95a000</arg>
		<arg name='ceiling'>0x7fbc5fd1a1ff</arg>
	</msg>
	<!-- Instrumentation of /lib64/libc.so.6 image skipped because of filter conditions. -->
	<msg id='13' display='false' source='trc'>
		<type>LoadModule</type>
		<severity>INFO</severity>
		<timestamp>Fri Jun 30 16:20:58 2017</timestamp>
		<arg name='module'>/lib64/libdl.so.2</arg>
		<arg name='basement'>0x7fbc5f756000</arg>
		<arg name='ceiling'>0x7fbc5f95912f</arg>
	</msg>
	<!-- Instrumentation of /lib64/libdl.so.2 image skipped because of filter conditions [cs-mode]. -->
	<msg id='14' display='false' source='trc'>
		<type>LoadModule</type>
		<severity>INFO</severity>
		<timestamp>Fri Jun 30 16:20:58 2017</timestamp>
		<arg name='module'>/lib64/libnuma.so.1</arg>
		<arg name='basement'>0x7fbc5f536000</arg>
		<arg name='ceiling'>0x7fbc5f7418e7</arg>
	</msg>
	<!-- Instrumentation of /lib64/libnuma.so.1 image skipped because of filter conditions [cs-mode]. -->
	<msg id='15' display='false' source='trc'>
		<type>LoadModule</type>
		<severity>INFO</severity>
		<timestamp>Fri Jun 30 16:21:01 2017</timestamp>
		<arg name='module'>/opt/intel/advisor_2017.1.3.510716/lib64/runtime/libittnotify.so</arg>
		<arg name='basement'>0x7fbc5e414000</arg>
		<arg name='ceiling'>0x7fbc5e61f89f</arg>
	</msg>
	<!-- Instrumentation of /opt/intel/advisor_2017.1.3.510716/lib64/runtime/libittnotify.so image skipped because of filter conditions [cs-mode]. -->
	<msg id='16' display='false' source='trc'>
		<type>UnloadModule</type>
		<severity>INFO</severity>
		<timestamp>Fri Jun 30 16:21:32 2017</timestamp>
		<arg name='module'>/home/AstroVPK/code/lu/luDecomp</arg>
	</msg>
	<msg id='17' display='false' source='trc'>
		<type>UnloadModule</type>
		<severity>INFO</severity>
		<timestamp>Fri Jun 30 16:21:32 2017</timestamp>
		<arg name='module'>/lib64/ld-linux-x86-64.so.2</arg>
	</msg>
	<msg id='18' display='false' source='trc'>
		<type>UnloadModule</type>
		<severity>INFO</severity>
		<timestamp>Fri Jun 30 16:21:32 2017</timestamp>
		<arg name='module'>[vdso]</arg>
	</msg>
	<msg id='19' display='false' source='trc'>
		<type>UnloadModule</type>
		<severity>INFO</severity>
		<timestamp>Fri Jun 30 16:21:32 2017</timestamp>
		<arg name='module'>/lib64/libm.so.6</arg>
	</msg>
	<msg id='20' display='false' source='trc'>
		<type>UnloadModule</type>
		<severity>INFO</severity>
		<timestamp>Fri Jun 30 16:21:32 2017</timestamp>
		<arg name='module'>/opt/intel/compilers_and_libraries_2017.4.196/linux/compiler/lib/intel64/libiomp5.so</arg>
	</msg>
	<msg id='21' display='false' source='trc'>
		<type>UnloadModule</type>
		<severity>INFO</severity>
		<timestamp>Fri Jun 30 16:21:32 2017</timestamp>
		<arg name='module'>/lib64/libmemkind.so.0</arg>
	</msg>
	<msg id='22' display='false' source='trc'>
		<type>UnloadModule</type>
		<severity>INFO</severity>
		<timestamp>Fri Jun 30 16:21:32 2017</timestamp>
		<arg name='module'>/lib64/libstdc++.so.6</arg>
	</msg>
	<msg id='23' display='false' source='trc'>
		<type>UnloadModule</type>
		<severity>INFO</severity>
		<timestamp>Fri Jun 30 16:21:32 2017</timestamp>
		<arg name='module'>/lib64/libgcc_s.so.1</arg>
	</msg>
	<msg id='24' display='false' source='trc'>
		<type>UnloadModule</type>
		<severity>INFO</severity>
		<timestamp>Fri Jun 30 16:21:32 2017</timestamp>
		<arg name='module'>/lib64/libpthread.so.0</arg>
	</msg>
	<msg id='25' display='false' source='trc'>
		<type>UnloadModule</type>
		<severity>INFO</severity>
		<timestamp>Fri Jun 30 16:21:32 2017</timestamp>
		<arg name='module'>/lib64/libc.so.6</arg>
	</msg>
	<msg id='26' display='false' source='trc'>
		<type>UnloadModule</type>
		<severity>INFO</severity>
		<timestamp>Fri Jun 30 16:21:32 2017</timestamp>
		<arg name='module'>/lib64/libdl.so.2</arg>
	</msg>
	<msg id='27' display='false' source='trc'>
		<type>UnloadModule</type>
		<severity>INFO</severity>
		<timestamp>Fri Jun 30 16:21:32 2017</timestamp>
		<arg name='module'>/lib64/libnuma.so.1</arg>
	</msg>
	<msg id='28' display='false' source='trc'>
		<type>UnloadModule</type>
		<severity>INFO</severity>
		<timestamp>Fri Jun 30 16:21:32 2017</timestamp>
		<arg name='module'>/opt/intel/advisor_2017.1.3.510716/lib64/runtime/libittnotify.so</arg>
	</msg>
	<msg id='29' display='false' source='trc'>
		<type>ProcessFinish</type>
		<severity>INFO</severity>
		<timestamp>Fri Jun 30 16:21:32 2017</timestamp>
		<arg name='process'>/home/AstroVPK/code/lu/luDecomp</arg>
		<arg name='pid'>92396</arg>
		<arg name='exitcode'>0x0</arg>
	</msg>
	<!-- Application exited with code 0 -->
</log>