<?xml version="1.0" encoding="utf-8" ?>
<!-- DO NOT EDIT THIS FILE -->

<log version='2.0' source='trc'>
	<msg id='1' display='false' source='trc'>
		<type>ProcessStart</type>
		<severity>INFO</severity>
		<timestamp>Mon Jul 10 17:50:24 2017</timestamp>
		<arg name='process'>/home/AstroVPK/code/lu/luDecomp</arg>
		<arg name='pid'>94458</arg>
	</msg>
	<!-- Instrumentation filter's state:
    Patterns applicability:
        Generic loop pattern.....................: enabled
        Generic loop pattern (with dynamic jumps): enabled
        Known trip value loop pattern............: enabled
        Runtime final value loop pattern.........: enabled
        No initial IV loop pattern...............: enabled
        IV step only loop pattern................: enabled
        No entry loop pattern....................: enabled
    Clustered memory model (CMM) applicability:
        Generic loop pattern.....................: enabled
        Generic loop pattern (with dynamic jumps): enabled
        Known trip value loop pattern............: enabled
        Runtime final value loop pattern.........: enabled
        No initial IV loop pattern...............: enabled
        IV step only loop pattern................: enabled
        No entry loop pattern....................: disabled
 -->
	<!-- Callstack mode:
    filter modules.: true
    filter loops...: false
    filter routines: true
    count loops....: false
    count flops....: false
    trace..........: false
    dump raw.......: false
    dump final.....: false
    dump all.......: false
 -->
	<msg id='2' display='false' source='trc'>
		<type>ProcessAnalysisMode</type>
		<severity>INFO</severity>
		<timestamp>Mon Jul 10 17:50:25 2017</timestamp>
		<arg name='mode'>full</arg>
	</msg>
	<msg id='3' display='false' source='trc'>
		<type>LoadModule</type>
		<severity>INFO</severity>
		<timestamp>Mon Jul 10 17:50:25 2017</timestamp>
		<arg name='module'>/home/AstroVPK/code/lu/luDecomp</arg>
		<arg name='basement'>0x400000</arg>
		<arg name='ceiling'>0x6169bf</arg>
	</msg>
	<!-- Instrumenting image: id = 1, name = /home/AstroVPK/code/lu/luDecomp -->
	<!-- Instrumenting routine: _start [0x1440] -->
	<!-- Instrumenting routine: main [0x1530] -->
	<!-- Instrumenting loops in routine "main" -->
	<!-- Instrumenting routine: __intel_mic_avx512f_memset [0xDD80] -->
	<!-- skipping routine "__intel_mic_avx512f_memset", reason cannot build control-flow graph (HasInvalidJumpTarget) -->
	<msg id='4' display='false' source='trc'>
		<type>LoadModule</type>
		<severity>INFO</severity>
		<timestamp>Mon Jul 10 17:50:25 2017</timestamp>
		<arg name='module'>/lib64/ld-linux-x86-64.so.2</arg>
		<arg name='basement'>0x7ff20f2f1000</arg>
		<arg name='ceiling'>0x7ff20f51314f</arg>
	</msg>
	<!-- Instrumentation of /lib64/ld-linux-x86-64.so.2 image skipped because of filter conditions [cs-mode]. -->
	<msg id='5' display='false' source='trc'>
		<type>LoadModule</type>
		<severity>INFO</severity>
		<timestamp>Mon Jul 10 17:50:25 2017</timestamp>
		<arg name='module'>[vdso]</arg>
		<arg name='basement'>0x7ffe8b9c4000</arg>
		<arg name='ceiling'>0x7ffe8b9c4fdc</arg>
	</msg>
	<!-- Instrumentation of [vdso] image skipped because of filter conditions [cs-mode]. -->
	<msg id='6' display='false' source='trc'>
		<type>LoadModule</type>
		<severity>INFO</severity>
		<timestamp>Mon Jul 10 17:50:26 2017</timestamp>
		<arg name='module'>/lib64/libm.so.6</arg>
		<arg name='basement'>0x7ff1fa944000</arg>
		<arg name='ceiling'>0x7ff1fac45147</arg>
	</msg>
	<!-- Instrumentation of /lib64/libm.so.6 image skipped because of filter conditions [cs-mode]. -->
	<msg id='7' display='false' source='trc'>
		<type>LoadModule</type>
		<severity>INFO</severity>
		<timestamp>Mon Jul 10 17:50:26 2017</timestamp>
		<arg name='module'>/opt/intel/compilers_and_libraries_2017.4.196/linux/compiler/lib/intel64/libiomp5.so</arg>
		<arg name='basement'>0x7ff1fa57f000</arg>
		<arg name='ceiling'>0x7ff1fa9229bf</arg>
	</msg>
	<!-- Instrumenting image: id = 5, name = /opt/intel/compilers_and_libraries_2017.4.196/linux/compiler/lib/intel64/libiomp5.so -->
	<!-- Instrumenting routine: __kmp_affinity_initialize [0x29290] -->
	<!-- Instrumenting routine: _ZN48_INTERNAL_26_______src_kmp_affinity_cpp_4bb3d68729__kmp_aux_affinity_initializeEv [0x29300] -->
	<!-- Instrumenting loops in routine "_ZN48_INTERNAL_26_______src_kmp_affinity_cpp_4bb3d68729__kmp_aux_affinity_initializeEv" with dynamic jumps -->
	<!-- Instrumenting routine: _ZN48_INTERNAL_26_______src_kmp_affinity_cpp_4bb3d68734__kmp_affinity_create_x2apicid_mapEPP11AddrUnsPairP11kmp_i18n_id [0x33F50] -->
	<!-- Instrumenting loops in routine "_ZN48_INTERNAL_26_______src_kmp_affinity_cpp_4bb3d68734__kmp_affinity_create_x2apicid_mapEPP11AddrUnsPairP11kmp_i18n_id" -->
	<!-- Instrumenting routine: _ZN17KMPNativeAffinity4Mask4zeroEv [0x3B1B0] -->
	<!-- Instrumenting loops in routine "_ZN17KMPNativeAffinity4Mask4zeroEv" -->
	<!-- Instrumenting routine: __kmpc_fork_call [0x5BD10] -->
	<!-- Instrumenting routine: omp_get_max_threads [0x74950] -->
	<!-- Instrumenting routine: __kmp_fork_call [0x844E0] -->
	<!-- Instrumenting loops in routine "__kmp_fork_call" -->
	<!-- Instrumenting routine: __kmp_middle_initialize [0x8AAE0] -->
	<!-- Instrumenting loops in routine "__kmp_middle_initialize" -->
	<!-- Instrumenting routine: __kmp_invoke_microtask [0xB4BC0] -->
	<!-- Instrumenting loops in routine "__kmp_invoke_microtask" -->
	<!-- Instrumenting routine: __kmp_affinity_bind_thread [0xBF6B0] -->
	<msg id='8' display='false' source='trc'>
		<type>LoadModule</type>
		<severity>INFO</severity>
		<timestamp>Mon Jul 10 17:50:26 2017</timestamp>
		<arg name='module'>/lib64/libmemkind.so.0</arg>
		<arg name='basement'>0x7ff1fa328000</arg>
		<arg name='ceiling'>0x7ff1fa57ea07</arg>
	</msg>
	<!-- Instrumentation of /lib64/libmemkind.so.0 image skipped because of filter conditions. -->
	<msg id='9' display='false' source='trc'>
		<type>LoadModule</type>
		<severity>INFO</severity>
		<timestamp>Mon Jul 10 17:50:26 2017</timestamp>
		<arg name='module'>/lib64/libstdc++.so.6</arg>
		<arg name='basement'>0x7ff1fa01f000</arg>
		<arg name='ceiling'>0x7ff1fa32741f</arg>
	</msg>
	<!-- Instrumentation of /lib64/libstdc++.so.6 image skipped because of filter conditions [cs-mode]. -->
	<msg id='10' display='false' source='trc'>
		<type>LoadModule</type>
		<severity>INFO</severity>
		<timestamp>Mon Jul 10 17:50:26 2017</timestamp>
		<arg name='module'>/lib64/libgcc_s.so.1</arg>
		<arg name='basement'>0x7ff1f9e09000</arg>
		<arg name='ceiling'>0x7ff1fa01e3ff</arg>
	</msg>
	<!-- Instrumentation of /lib64/libgcc_s.so.1 image skipped because of filter conditions [cs-mode]. -->
	<msg id='11' display='false' source='trc'>
		<type>LoadModule</type>
		<severity>INFO</severity>
		<timestamp>Mon Jul 10 17:50:26 2017</timestamp>
		<arg name='module'>/lib64/libpthread.so.0</arg>
		<arg name='basement'>0x7ff1f9bed000</arg>
		<arg name='ceiling'>0x7ff1f9e0845f</arg>
	</msg>
	<!-- Instrumentation of /lib64/libpthread.so.0 image skipped because of filter conditions. -->
	<msg id='12' display='false' source='trc'>
		<type>LoadModule</type>
		<severity>INFO</severity>
		<timestamp>Mon Jul 10 17:50:26 2017</timestamp>
		<arg name='module'>/lib64/libc.so.6</arg>
		<arg name='basement'>0x7ff1f982c000</arg>
		<arg name='ceiling'>0x7ff1f9bec1ff</arg>
	</msg>
	<!-- Instrumentation of /lib64/libc.so.6 image skipped because of filter conditions. -->
	<msg id='13' display='false' source='trc'>
		<type>LoadModule</type>
		<severity>INFO</severity>
		<timestamp>Mon Jul 10 17:50:26 2017</timestamp>
		<arg name='module'>/lib64/libdl.so.2</arg>
		<arg name='basement'>0x7ff1f9628000</arg>
		<arg name='ceiling'>0x7ff1f982b12f</arg>
	</msg>
	<!-- Instrumentation of /lib64/libdl.so.2 image skipped because of filter conditions [cs-mode]. -->
	<msg id='14' display='false' source='trc'>
		<type>LoadModule</type>
		<severity>INFO</severity>
		<timestamp>Mon Jul 10 17:50:26 2017</timestamp>
		<arg name='module'>/lib64/libnuma.so.1</arg>
		<arg name='basement'>0x7ff1f9408000</arg>
		<arg name='ceiling'>0x7ff1f96138e7</arg>
	</msg>
	<!-- Instrumentation of /lib64/libnuma.so.1 image skipped because of filter conditions. -->
	<msg id='15' display='false' source='trc'>
		<type>LoadModule</type>
		<severity>INFO</severity>
		<timestamp>Mon Jul 10 17:50:29 2017</timestamp>
		<arg name='module'>/opt/intel/advisor_2017.1.3.510716/lib64/runtime/libittnotify.so</arg>
		<arg name='basement'>0x7ff1f7df3000</arg>
		<arg name='ceiling'>0x7ff1f7ffe89f</arg>
	</msg>
	<!-- Instrumentation of /opt/intel/advisor_2017.1.3.510716/lib64/runtime/libittnotify.so image skipped because of filter conditions [cs-mode]. -->
	<msg id='16' display='false' source='trc'>
		<type>UnloadModule</type>
		<severity>INFO</severity>
		<timestamp>Mon Jul 10 17:58:38 2017</timestamp>
		<arg name='module'>/home/AstroVPK/code/lu/luDecomp</arg>
	</msg>
	<msg id='17' display='false' source='trc'>
		<type>UnloadModule</type>
		<severity>INFO</severity>
		<timestamp>Mon Jul 10 17:58:38 2017</timestamp>
		<arg name='module'>/lib64/ld-linux-x86-64.so.2</arg>
	</msg>
	<msg id='18' display='false' source='trc'>
		<type>UnloadModule</type>
		<severity>INFO</severity>
		<timestamp>Mon Jul 10 17:58:38 2017</timestamp>
		<arg name='module'>[vdso]</arg>
	</msg>
	<msg id='19' display='false' source='trc'>
		<type>UnloadModule</type>
		<severity>INFO</severity>
		<timestamp>Mon Jul 10 17:58:38 2017</timestamp>
		<arg name='module'>/lib64/libm.so.6</arg>
	</msg>
	<msg id='20' display='false' source='trc'>
		<type>UnloadModule</type>
		<severity>INFO</severity>
		<timestamp>Mon Jul 10 17:58:38 2017</timestamp>
		<arg name='module'>/opt/intel/compilers_and_libraries_2017.4.196/linux/compiler/lib/intel64/libiomp5.so</arg>
	</msg>
	<msg id='21' display='false' source='trc'>
		<type>UnloadModule</type>
		<severity>INFO</severity>
		<timestamp>Mon Jul 10 17:58:38 2017</timestamp>
		<arg name='module'>/lib64/libmemkind.so.0</arg>
	</msg>
	<msg id='22' display='false' source='trc'>
		<type>UnloadModule</type>
		<severity>INFO</severity>
		<timestamp>Mon Jul 10 17:58:38 2017</timestamp>
		<arg name='module'>/lib64/libstdc++.so.6</arg>
	</msg>
	<msg id='23' display='false' source='trc'>
		<type>UnloadModule</type>
		<severity>INFO</severity>
		<timestamp>Mon Jul 10 17:58:38 2017</timestamp>
		<arg name='module'>/lib64/libgcc_s.so.1</arg>
	</msg>
	<msg id='24' display='false' source='trc'>
		<type>UnloadModule</type>
		<severity>INFO</severity>
		<timestamp>Mon Jul 10 17:58:38 2017</timestamp>
		<arg name='module'>/lib64/libpthread.so.0</arg>
	</msg>
	<msg id='25' display='false' source='trc'>
		<type>UnloadModule</type>
		<severity>INFO</severity>
		<timestamp>Mon Jul 10 17:58:38 2017</timestamp>
		<arg name='module'>/lib64/libc.so.6</arg>
	</msg>
	<msg id='26' display='false' source='trc'>
		<type>UnloadModule</type>
		<severity>INFO</severity>
		<timestamp>Mon Jul 10 17:58:38 2017</timestamp>
		<arg name='module'>/lib64/libdl.so.2</arg>
	</msg>
	<msg id='27' display='false' source='trc'>
		<type>UnloadModule</type>
		<severity>INFO</severity>
		<timestamp>Mon Jul 10 17:58:38 2017</timestamp>
		<arg name='module'>/lib64/libnuma.so.1</arg>
	</msg>
	<msg id='28' display='false' source='trc'>
		<type>UnloadModule</type>
		<severity>INFO</severity>
		<timestamp>Mon Jul 10 17:58:38 2017</timestamp>
		<arg name='module'>/opt/intel/advisor_2017.1.3.510716/lib64/runtime/libittnotify.so</arg>
	</msg>
	<msg id='29' display='false' source='trc'>
		<type>ProcessFinish</type>
		<severity>INFO</severity>
		<timestamp>Mon Jul 10 17:58:38 2017</timestamp>
		<arg name='process'>/home/AstroVPK/code/lu/luDecomp</arg>
		<arg name='pid'>94458</arg>
		<arg name='exitcode'>0x0</arg>
	</msg>
	<!-- Application exited with code 0 -->
</log>