<?xml version="1.0" encoding="utf-8" ?>
<!-- DO NOT EDIT THIS FILE -->

<log version='2.0' source='trc'>
	<msg id='1' display='false' source='trc'>
		<type>ProcessStart</type>
		<severity>INFO</severity>
		<timestamp>Thu Jul  6 11:10:11 2017</timestamp>
		<arg name='process'>/home/AstroVPK/code/lu/luDecomp</arg>
		<arg name='pid'>182892</arg>
	</msg>
	<!-- Instrumentation filter's state:
    Patterns applicability:
        Generic loop pattern.....................: enabled
        Generic loop pattern (with dynamic jumps): enabled
        Known trip value loop pattern............: enabled
        Runtime final value loop pattern.........: enabled
        No initial IV loop pattern...............: enabled
        IV step only loop pattern................: enabled
        No entry loop pattern....................: enabled
    Clustered memory model (CMM) applicability:
        Generic loop pattern.....................: enabled
        Generic loop pattern (with dynamic jumps): enabled
        Known trip value loop pattern............: enabled
        Runtime final value loop pattern.........: enabled
        No initial IV loop pattern...............: enabled
        IV step only loop pattern................: enabled
        No entry loop pattern....................: disabled
 -->
	<!-- Callstack mode:
    filter modules.: true
    filter loops...: false
    filter routines: true
    count loops....: false
    count flops....: false
    trace..........: false
    dump raw.......: false
    dump final.....: false
    dump all.......: false
 -->
	<msg id='2' display='false' source='trc'>
		<type>ProcessAnalysisMode</type>
		<severity>INFO</severity>
		<timestamp>Thu Jul  6 11:10:12 2017</timestamp>
		<arg name='mode'>full</arg>
	</msg>
	<msg id='3' display='false' source='trc'>
		<type>LoadModule</type>
		<severity>INFO</severity>
		<timestamp>Thu Jul  6 11:10:12 2017</timestamp>
		<arg name='module'>/home/AstroVPK/code/lu/luDecomp</arg>
		<arg name='basement'>0x400000</arg>
		<arg name='ceiling'>0x615b1f</arg>
	</msg>
	<!-- Instrumenting image: id = 1, name = /home/AstroVPK/code/lu/luDecomp -->
	<!-- Instrumenting routine: __kmpc_for_static_fini@plt [0x1170] -->
	<!-- Instrumenting routine: __kmpc_barrier@plt [0x12D0] -->
	<!-- Instrumenting routine: _start [0x1380] -->
	<!-- Instrumenting routine: main [0x1470] -->
	<!-- Instrumenting loops in routine "main" -->
	<!-- Instrumenting routine: __intel_mic_avx512f_memset [0xC8C0] -->
	<!-- skipping routine "__intel_mic_avx512f_memset", reason cannot build control-flow graph (HasInvalidJumpTarget) -->
	<msg id='4' display='false' source='trc'>
		<type>LoadModule</type>
		<severity>INFO</severity>
		<timestamp>Thu Jul  6 11:10:12 2017</timestamp>
		<arg name='module'>/lib64/ld-linux-x86-64.so.2</arg>
		<arg name='basement'>0x7fe65d8bb000</arg>
		<arg name='ceiling'>0x7fe65dadd14f</arg>
	</msg>
	<!-- Instrumentation of /lib64/ld-linux-x86-64.so.2 image skipped because of filter conditions [cs-mode]. -->
	<msg id='5' display='false' source='trc'>
		<type>LoadModule</type>
		<severity>INFO</severity>
		<timestamp>Thu Jul  6 11:10:12 2017</timestamp>
		<arg name='module'>[vdso]</arg>
		<arg name='basement'>0x7ffd75d55000</arg>
		<arg name='ceiling'>0x7ffd75d55fdc</arg>
	</msg>
	<!-- Instrumentation of [vdso] image skipped because of filter conditions [cs-mode]. -->
	<msg id='6' display='false' source='trc'>
		<type>LoadModule</type>
		<severity>INFO</severity>
		<timestamp>Thu Jul  6 11:10:13 2017</timestamp>
		<arg name='module'>/lib64/libm.so.6</arg>
		<arg name='basement'>0x7fe648ecf000</arg>
		<arg name='ceiling'>0x7fe6491d0147</arg>
	</msg>
	<!-- Instrumentation of /lib64/libm.so.6 image skipped because of filter conditions [cs-mode]. -->
	<msg id='7' display='false' source='trc'>
		<type>LoadModule</type>
		<severity>INFO</severity>
		<timestamp>Thu Jul  6 11:10:13 2017</timestamp>
		<arg name='module'>/opt/intel/compilers_and_libraries_2017.4.196/linux/compiler/lib/intel64/libiomp5.so</arg>
		<arg name='basement'>0x7fe648b07000</arg>
		<arg name='ceiling'>0x7fe648eaa9bf</arg>
	</msg>
	<!-- Instrumenting image: id = 5, name = /opt/intel/compilers_and_libraries_2017.4.196/linux/compiler/lib/intel64/libiomp5.so -->
	<!-- Instrumenting routine: __kmp_affinity_initialize [0x29290] -->
	<!-- Instrumenting routine: _ZN48_INTERNAL_26_______src_kmp_affinity_cpp_4bb3d68729__kmp_aux_affinity_initializeEv [0x29300] -->
	<!-- Instrumenting loops in routine "_ZN48_INTERNAL_26_______src_kmp_affinity_cpp_4bb3d68729__kmp_aux_affinity_initializeEv" with dynamic jumps -->
	<!-- Instrumenting routine: _ZN48_INTERNAL_26_______src_kmp_affinity_cpp_4bb3d68734__kmp_affinity_create_x2apicid_mapEPP11AddrUnsPairP11kmp_i18n_id [0x33F50] -->
	<!-- Instrumenting loops in routine "_ZN48_INTERNAL_26_______src_kmp_affinity_cpp_4bb3d68734__kmp_affinity_create_x2apicid_mapEPP11AddrUnsPairP11kmp_i18n_id" -->
	<!-- Instrumenting routine: _ZNK17KMPNativeAffinity4Mask19set_system_affinityEb [0x3AE00] -->
	<!-- Instrumenting routine: ___kmp_allocate [0x3BD30] -->
	<!-- Instrumenting routine: __kmp_barrier [0x524C0] -->
	<!-- Instrumenting loops in routine "__kmp_barrier" -->
	<!-- Instrumenting routine: _ZN47_INTERNAL_25_______src_kmp_barrier_cpp_5678b64126__kmp_hyper_barrier_gatherE12barrier_typeP8kmp_infoiiPFvPvS3_ES3_ [0x54E70] -->
	<!-- Instrumenting loops in routine "_ZN47_INTERNAL_25_______src_kmp_barrier_cpp_5678b64126__kmp_hyper_barrier_gatherE12barrier_typeP8kmp_infoiiPFvPvS3_ES3_" -->
	<!-- Instrumenting routine: _ZN47_INTERNAL_25_______src_kmp_barrier_cpp_5678b64127__kmp_hyper_barrier_releaseE12barrier_typeP8kmp_infoiiiPv [0x57900] -->
	<!-- Instrumenting loops in routine "_ZN47_INTERNAL_25_______src_kmp_barrier_cpp_5678b64127__kmp_hyper_barrier_releaseE12barrier_typeP8kmp_infoiiiPv" -->
	<!-- Instrumenting routine: _Z18__kmp_join_barrieri [0x583C0] -->
	<!-- Instrumenting loops in routine "_Z18__kmp_join_barrieri" -->
	<!-- Instrumenting routine: _Z18__kmp_fork_barrierii [0x596A0] -->
	<!-- Instrumenting routine: __kmpc_fork_call [0x5BD10] -->
	<!-- Instrumenting routine: __kmpc_barrier [0x5C260] -->
	<!-- Instrumenting routine: __kmpc_for_static_fini [0x5D000] -->
	<!-- Instrumenting routine: omp_get_max_threads [0x74950] -->
	<!-- Instrumenting routine: __kmp_allocate_thread [0x81E20] -->
	<!-- Instrumenting loops in routine "__kmp_allocate_thread" -->
	<!-- Instrumenting routine: __kmp_launch_thread [0x838D0] -->
	<!-- Instrumenting loops in routine "__kmp_launch_thread" -->
	<!-- Instrumenting routine: __kmp_invoke_task_func [0x842D0] -->
	<!-- Instrumenting routine: __kmp_fork_call [0x844E0] -->
	<!-- Instrumenting loops in routine "__kmp_fork_call" -->
	<!-- Instrumenting routine: __kmp_allocate_team [0x86470] -->
	<!-- Instrumenting loops in routine "__kmp_allocate_team" -->
	<!-- Instrumenting routine: __kmp_middle_initialize [0x8AAE0] -->
	<!-- Instrumenting loops in routine "__kmp_middle_initialize" -->
	<!-- Instrumenting routine: __kmpc_for_static_init_8u [0x8DAA0] -->
	<!-- Instrumenting loops in routine "__kmpc_for_static_init_8u" -->
	<!-- Instrumenting routine: __kmp_finish_implicit_task [0xA7C90] -->
	<!-- Instrumenting routine: __kmp_task_team_sync [0xAAF30] -->
	<!-- Instrumenting routine: __kmp_invoke_microtask [0xB4BC0] -->
	<!-- Instrumenting loops in routine "__kmp_invoke_microtask" -->
	<!-- Instrumenting routine: __kmp_yield [0xB4E40] -->
	<!-- Instrumenting routine: _ZN48_INTERNAL_26_______src_z_Linux_util_cpp_313effc419__kmp_launch_workerEPv [0xB4EB0] -->
	<!-- Instrumenting loops in routine "_ZN48_INTERNAL_26_______src_z_Linux_util_cpp_313effc419__kmp_launch_workerEPv" -->
	<!-- Instrumenting routine: __kmp_create_worker [0xB5680] -->
	<!-- Instrumenting loops in routine "__kmp_create_worker" -->
	<!-- Instrumenting routine: __kmp_affinity_bind_thread [0xBF6B0] -->
	<!-- Instrumenting routine: _ZN3rml8internal18internalPoolMallocEPNS0_10MemoryPoolEm [0xF7670] -->
	<!-- Instrumenting loops in routine "_ZN3rml8internal18internalPoolMallocEPNS0_10MemoryPoolEm" -->
	<!-- Instrumenting routine: _ZN3rml8internal10MemoryPool13getEmptyBlockEm [0xF7ED0] -->
	<!-- Instrumenting loops in routine "_ZN3rml8internal10MemoryPool13getEmptyBlockEm" -->
	<!-- Instrumenting routine: scalable_aligned_malloc [0xF8DE0] -->
	<!-- Instrumenting routine: _ZN3rml8internal5Block14initEmptyBlockEPNS0_7TLSDataEm [0xFC670] -->
	<msg id='8' display='false' source='trc'>
		<type>LoadModule</type>
		<severity>INFO</severity>
		<timestamp>Thu Jul  6 11:10:13 2017</timestamp>
		<arg name='module'>/lib64/libmemkind.so.0</arg>
		<arg name='basement'>0x7fe6488b0000</arg>
		<arg name='ceiling'>0x7fe648b06a07</arg>
	</msg>
	<!-- Instrumentation of /lib64/libmemkind.so.0 image skipped because of filter conditions [cs-mode]. -->
	<msg id='9' display='false' source='trc'>
		<type>LoadModule</type>
		<severity>INFO</severity>
		<timestamp>Thu Jul  6 11:10:14 2017</timestamp>
		<arg name='module'>/lib64/libstdc++.so.6</arg>
		<arg name='basement'>0x7fe6485a7000</arg>
		<arg name='ceiling'>0x7fe6488af41f</arg>
	</msg>
	<!-- Instrumentation of /lib64/libstdc++.so.6 image skipped because of filter conditions [cs-mode]. -->
	<msg id='10' display='false' source='trc'>
		<type>LoadModule</type>
		<severity>INFO</severity>
		<timestamp>Thu Jul  6 11:10:14 2017</timestamp>
		<arg name='module'>/lib64/libgcc_s.so.1</arg>
		<arg name='basement'>0x7fe648391000</arg>
		<arg name='ceiling'>0x7fe6485a63ff</arg>
	</msg>
	<!-- Instrumentation of /lib64/libgcc_s.so.1 image skipped because of filter conditions [cs-mode]. -->
	<msg id='11' display='false' source='trc'>
		<type>LoadModule</type>
		<severity>INFO</severity>
		<timestamp>Thu Jul  6 11:10:14 2017</timestamp>
		<arg name='module'>/lib64/libpthread.so.0</arg>
		<arg name='basement'>0x7fe648175000</arg>
		<arg name='ceiling'>0x7fe64839045f</arg>
	</msg>
	<!-- Instrumentation of /lib64/libpthread.so.0 image skipped because of filter conditions. -->
	<msg id='12' display='false' source='trc'>
		<type>LoadModule</type>
		<severity>INFO</severity>
		<timestamp>Thu Jul  6 11:10:14 2017</timestamp>
		<arg name='module'>/lib64/libc.so.6</arg>
		<arg name='basement'>0x7fe647db4000</arg>
		<arg name='ceiling'>0x7fe6481741ff</arg>
	</msg>
	<!-- Instrumentation of /lib64/libc.so.6 image skipped because of filter conditions. -->
	<msg id='13' display='false' source='trc'>
		<type>LoadModule</type>
		<severity>INFO</severity>
		<timestamp>Thu Jul  6 11:10:14 2017</timestamp>
		<arg name='module'>/lib64/libdl.so.2</arg>
		<arg name='basement'>0x7fe647bb0000</arg>
		<arg name='ceiling'>0x7fe647db312f</arg>
	</msg>
	<!-- Instrumentation of /lib64/libdl.so.2 image skipped because of filter conditions [cs-mode]. -->
	<msg id='14' display='false' source='trc'>
		<type>LoadModule</type>
		<severity>INFO</severity>
		<timestamp>Thu Jul  6 11:10:14 2017</timestamp>
		<arg name='module'>/lib64/libnuma.so.1</arg>
		<arg name='basement'>0x7fe647992000</arg>
		<arg name='ceiling'>0x7fe647b9d8e7</arg>
	</msg>
	<!-- Instrumentation of /lib64/libnuma.so.1 image skipped because of filter conditions [cs-mode]. -->
	<msg id='15' display='false' source='trc'>
		<type>LoadModule</type>
		<severity>INFO</severity>
		<timestamp>Thu Jul  6 11:10:16 2017</timestamp>
		<arg name='module'>/opt/intel/advisor_2017.1.3.510716/lib64/runtime/libittnotify.so</arg>
		<arg name='basement'>0x7fe64682e000</arg>
		<arg name='ceiling'>0x7fe646a3989f</arg>
	</msg>
	<!-- Instrumentation of /opt/intel/advisor_2017.1.3.510716/lib64/runtime/libittnotify.so image skipped because of filter conditions [cs-mode]. -->
	<msg id='16' display='false' source='trc'>
		<type>UnloadModule</type>
		<severity>INFO</severity>
		<timestamp>Thu Jul  6 11:10:39 2017</timestamp>
		<arg name='module'>/home/AstroVPK/code/lu/luDecomp</arg>
	</msg>
	<msg id='17' display='false' source='trc'>
		<type>UnloadModule</type>
		<severity>INFO</severity>
		<timestamp>Thu Jul  6 11:10:39 2017</timestamp>
		<arg name='module'>/lib64/ld-linux-x86-64.so.2</arg>
	</msg>
	<msg id='18' display='false' source='trc'>
		<type>UnloadModule</type>
		<severity>INFO</severity>
		<timestamp>Thu Jul  6 11:10:39 2017</timestamp>
		<arg name='module'>[vdso]</arg>
	</msg>
	<msg id='19' display='false' source='trc'>
		<type>UnloadModule</type>
		<severity>INFO</severity>
		<timestamp>Thu Jul  6 11:10:39 2017</timestamp>
		<arg name='module'>/lib64/libm.so.6</arg>
	</msg>
	<msg id='20' display='false' source='trc'>
		<type>UnloadModule</type>
		<severity>INFO</severity>
		<timestamp>Thu Jul  6 11:10:39 2017</timestamp>
		<arg name='module'>/opt/intel/compilers_and_libraries_2017.4.196/linux/compiler/lib/intel64/libiomp5.so</arg>
	</msg>
	<msg id='21' display='false' source='trc'>
		<type>UnloadModule</type>
		<severity>INFO</severity>
		<timestamp>Thu Jul  6 11:10:39 2017</timestamp>
		<arg name='module'>/lib64/libmemkind.so.0</arg>
	</msg>
	<msg id='22' display='false' source='trc'>
		<type>UnloadModule</type>
		<severity>INFO</severity>
		<timestamp>Thu Jul  6 11:10:39 2017</timestamp>
		<arg name='module'>/lib64/libstdc++.so.6</arg>
	</msg>
	<msg id='23' display='false' source='trc'>
		<type>UnloadModule</type>
		<severity>INFO</severity>
		<timestamp>Thu Jul  6 11:10:39 2017</timestamp>
		<arg name='module'>/lib64/libgcc_s.so.1</arg>
	</msg>
	<msg id='24' display='false' source='trc'>
		<type>UnloadModule</type>
		<severity>INFO</severity>
		<timestamp>Thu Jul  6 11:10:39 2017</timestamp>
		<arg name='module'>/lib64/libpthread.so.0</arg>
	</msg>
	<msg id='25' display='false' source='trc'>
		<type>UnloadModule</type>
		<severity>INFO</severity>
		<timestamp>Thu Jul  6 11:10:39 2017</timestamp>
		<arg name='module'>/lib64/libc.so.6</arg>
	</msg>
	<msg id='26' display='false' source='trc'>
		<type>UnloadModule</type>
		<severity>INFO</severity>
		<timestamp>Thu Jul  6 11:10:39 2017</timestamp>
		<arg name='module'>/lib64/libdl.so.2</arg>
	</msg>
	<msg id='27' display='false' source='trc'>
		<type>UnloadModule</type>
		<severity>INFO</severity>
		<timestamp>Thu Jul  6 11:10:39 2017</timestamp>
		<arg name='module'>/lib64/libnuma.so.1</arg>
	</msg>
	<msg id='28' display='false' source='trc'>
		<type>UnloadModule</type>
		<severity>INFO</severity>
		<timestamp>Thu Jul  6 11:10:39 2017</timestamp>
		<arg name='module'>/opt/intel/advisor_2017.1.3.510716/lib64/runtime/libittnotify.so</arg>
	</msg>
	<msg id='29' display='false' source='trc'>
		<type>ProcessFinish</type>
		<severity>INFO</severity>
		<timestamp>Thu Jul  6 11:10:40 2017</timestamp>
		<arg name='process'>/home/AstroVPK/code/lu/luDecomp</arg>
		<arg name='pid'>182892</arg>
		<arg name='exitcode'>0x0</arg>
	</msg>
	<!-- Application exited with code 0 -->
</log>