<?xml version="1.0" encoding="utf-8"?>
<log version="1.0" tool="runtool">

<msg id="1" tool="runtool">
  <type>log-start</type>
  <arg>2017/07/11 13:54:11</arg>
</msg>
<msg id="2" tool="runtool">
  <type>collector-starts</type>
</msg>
<msg id="3" tool="runtool">
  <type>marker-file</type>
  <arg>/home/AstroVPK/Documents/luDecomp/Vec/e000/mp000/mp000.advixe</arg>
</msg>
<msg id="4" tool="tc">
  <type>START</type>
  <severity>INFO</severity>
  <timestamp>Tue Jul 11 13:54:11 2017</timestamp>
</msg>
<msg id="5" tool="tc">
  <type>EXEC_OF_INTEREST</type>
  <arg>/home/AstroVPK/code/lu/luDecomp</arg>
  <arg>13119</arg>
  <severity>INFO</severity>
  <timestamp>Tue Jul 11 13:54:11 2017</timestamp>
</msg>
<msg id="6" tool="tc">
  <type>LOAD_MODULE</type>
  <arg>/home/AstroVPK/code/lu/luDecomp</arg>
  <arg>0x400000</arg>
  <arg>0x6169bf</arg>
  <severity>INFO</severity>
  <timestamp>Tue Jul 11 13:54:11 2017</timestamp>
</msg>
<msg id="7" tool="tc">
  <type>LOAD_MODULE</type>
  <arg>/lib64/ld-linux-x86-64.so.2</arg>
  <arg>0x7f89cce48000</arg>
  <arg>0x7f89cd06a14f</arg>
  <severity>INFO</severity>
  <timestamp>Tue Jul 11 13:54:11 2017</timestamp>
</msg>
<msg id="8" tool="tc">
  <type>LOAD_MODULE</type>
  <arg>[vdso]</arg>
  <arg>0x7ffd2a5d3000</arg>
  <arg>0x7ffd2a5d3fdc</arg>
  <severity>INFO</severity>
  <timestamp>Tue Jul 11 13:54:11 2017</timestamp>
</msg>
<msg id="9" tool="tc">
  <type>LOAD_MODULE</type>
  <arg>/lib64/libm.so.6</arg>
  <arg>0x7f89b834a000</arg>
  <arg>0x7f89b864b147</arg>
  <severity>INFO</severity>
  <timestamp>Tue Jul 11 13:54:13 2017</timestamp>
</msg>
<msg id="10" tool="tc">
  <type>LOAD_MODULE</type>
  <arg>/opt/intel/compilers_and_libraries_2017.4.196/linux/compiler/lib/intel64/libiomp5.so</arg>
  <arg>0x7f89b7f17000</arg>
  <arg>0x7f89b82ba9bf</arg>
  <severity>INFO</severity>
  <timestamp>Tue Jul 11 13:54:13 2017</timestamp>
</msg>
<msg id="11" tool="tc">
  <type>LOAD_MODULE</type>
  <arg>/lib64/libmemkind.so.0</arg>
  <arg>0x7f89b7cc0000</arg>
  <arg>0x7f89b7f16a07</arg>
  <severity>INFO</severity>
  <timestamp>Tue Jul 11 13:54:13 2017</timestamp>
</msg>
<msg id="12" tool="tc">
  <type>LOAD_MODULE</type>
  <arg>/lib64/libstdc++.so.6</arg>
  <arg>0x7f89b79b7000</arg>
  <arg>0x7f89b7cbf41f</arg>
  <severity>INFO</severity>
  <timestamp>Tue Jul 11 13:54:13 2017</timestamp>
</msg>
<msg id="13" tool="tc">
  <type>LOAD_MODULE</type>
  <arg>/lib64/libgcc_s.so.1</arg>
  <arg>0x7f89b77a1000</arg>
  <arg>0x7f89b79b63ff</arg>
  <severity>INFO</severity>
  <timestamp>Tue Jul 11 13:54:13 2017</timestamp>
</msg>
<msg id="14" tool="tc">
  <type>LOAD_MODULE</type>
  <arg>/lib64/libpthread.so.0</arg>
  <arg>0x7f89b7585000</arg>
  <arg>0x7f89b77a045f</arg>
  <severity>INFO</severity>
  <timestamp>Tue Jul 11 13:54:13 2017</timestamp>
</msg>
<msg id="15" tool="tc">
  <type>LOAD_MODULE</type>
  <arg>/lib64/libc.so.6</arg>
  <arg>0x7f89b71c4000</arg>
  <arg>0x7f89b75841ff</arg>
  <severity>INFO</severity>
  <timestamp>Tue Jul 11 13:54:14 2017</timestamp>
</msg>
<msg id="16" tool="tc">
  <type>LOAD_MODULE</type>
  <arg>/lib64/libdl.so.2</arg>
  <arg>0x7f89b6fc0000</arg>
  <arg>0x7f89b71c312f</arg>
  <severity>INFO</severity>
  <timestamp>Tue Jul 11 13:54:14 2017</timestamp>
</msg>
<msg id="17" tool="tc">
  <type>LOAD_MODULE</type>
  <arg>/lib64/libnuma.so.1</arg>
  <arg>0x7f89b6d8e000</arg>
  <arg>0x7f89b6f998e7</arg>
  <severity>INFO</severity>
  <timestamp>Tue Jul 11 13:54:14 2017</timestamp>
</msg>
<msg id="18" tool="tc">
  <type>LOAD_MODULE</type>
  <arg>/opt/intel/advisor_2017.1.3.510716/lib64/runtime/libittnotify.so</arg>
  <arg>0x7f89b4556000</arg>
  <arg>0x7f89b476189f</arg>
  <severity>INFO</severity>
  <timestamp>Tue Jul 11 13:54:20 2017</timestamp>
</msg>
<msg id="19" tool="tc">
  <type>TOO_FEW_ITERATIONS</type>
  <arg>loop_site_23</arg>
  <arg>0</arg>
  <severity>WARNING</severity>
  <timestamp>Tue Jul 11 13:54:34 2017</timestamp>
</msg>
<msg id="20" tool="tc">
  <type>TOO_FEW_ITERATIONS</type>
  <arg>loop_site_22</arg>
  <arg>0</arg>
  <severity>WARNING</severity>
  <timestamp>Tue Jul 11 13:54:34 2017</timestamp>
</msg>
<msg id="21" tool="tc">
  <type>TOO_FEW_ITERATIONS</type>
  <arg>loop_site_20</arg>
  <arg>0</arg>
  <severity>WARNING</severity>
  <timestamp>Tue Jul 11 13:54:34 2017</timestamp>
</msg>
<msg id="22" tool="tc">
  <type>BAD_ANNOTATION</type>
  <arg>0x16</arg>
  <arg>0x14</arg>
  <severity>WARNING</severity>
  <timestamp>Tue Jul 11 13:54:34 2017</timestamp>
</msg>
<msg id="23" tool="tc">
  <type>BAD_ANNOTATION</type>
  <arg>0x12</arg>
  <arg>0x14</arg>
  <severity>WARNING</severity>
  <timestamp>Tue Jul 11 13:54:34 2017</timestamp>
</msg>
<msg id="24" tool="tc">
  <type>UNLOAD_MODULE</type>
  <arg>/home/AstroVPK/code/lu/luDecomp</arg>
  <severity>INFO</severity>
  <timestamp>Tue Jul 11 13:55:52 2017</timestamp>
</msg>
<msg id="25" tool="tc">
  <type>UNLOAD_MODULE</type>
  <arg>/lib64/ld-linux-x86-64.so.2</arg>
  <severity>INFO</severity>
  <timestamp>Tue Jul 11 13:55:52 2017</timestamp>
</msg>
<msg id="26" tool="tc">
  <type>UNLOAD_MODULE</type>
  <arg>[vdso]</arg>
  <severity>INFO</severity>
  <timestamp>Tue Jul 11 13:55:52 2017</timestamp>
</msg>
<msg id="27" tool="tc">
  <type>UNLOAD_MODULE</type>
  <arg>/lib64/libm.so.6</arg>
  <severity>INFO</severity>
  <timestamp>Tue Jul 11 13:55:52 2017</timestamp>
</msg>
<msg id="28" tool="tc">
  <type>UNLOAD_MODULE</type>
  <arg>/opt/intel/compilers_and_libraries_2017.4.196/linux/compiler/lib/intel64/libiomp5.so</arg>
  <severity>INFO</severity>
  <timestamp>Tue Jul 11 13:55:52 2017</timestamp>
</msg>
<msg id="29" tool="tc">
  <type>UNLOAD_MODULE</type>
  <arg>/lib64/libmemkind.so.0</arg>
  <severity>INFO</severity>
  <timestamp>Tue Jul 11 13:55:52 2017</timestamp>
</msg>
<msg id="30" tool="tc">
  <type>UNLOAD_MODULE</type>
  <arg>/lib64/libstdc++.so.6</arg>
  <severity>INFO</severity>
  <timestamp>Tue Jul 11 13:55:52 2017</timestamp>
</msg>
<msg id="31" tool="tc">
  <type>UNLOAD_MODULE</type>
  <arg>/lib64/libgcc_s.so.1</arg>
  <severity>INFO</severity>
  <timestamp>Tue Jul 11 13:55:52 2017</timestamp>
</msg>
<msg id="32" tool="tc">
  <type>UNLOAD_MODULE</type>
  <arg>/lib64/libpthread.so.0</arg>
  <severity>INFO</severity>
  <timestamp>Tue Jul 11 13:55:52 2017</timestamp>
</msg>
<msg id="33" tool="tc">
  <type>UNLOAD_MODULE</type>
  <arg>/lib64/libc.so.6</arg>
  <severity>INFO</severity>
  <timestamp>Tue Jul 11 13:55:52 2017</timestamp>
</msg>
<msg id="34" tool="tc">
  <type>UNLOAD_MODULE</type>
  <arg>/lib64/libdl.so.2</arg>
  <severity>INFO</severity>
  <timestamp>Tue Jul 11 13:55:52 2017</timestamp>
</msg>
<msg id="35" tool="tc">
  <type>UNLOAD_MODULE</type>
  <arg>/lib64/libnuma.so.1</arg>
  <severity>INFO</severity>
  <timestamp>Tue Jul 11 13:55:52 2017</timestamp>
</msg>
<msg id="36" tool="tc">
  <type>UNLOAD_MODULE</type>
  <arg>/opt/intel/advisor_2017.1.3.510716/lib64/runtime/libittnotify.so</arg>
  <severity>INFO</severity>
  <timestamp>Tue Jul 11 13:55:52 2017</timestamp>
</msg>
<msg id="37" tool="tc">
  <type>PROCESS_TERMINATE</type>
  <arg>/home/AstroVPK/code/lu/luDecomp</arg>
  <arg>13119</arg>
  <severity>INFO</severity>
  <timestamp>Tue Jul 11 13:55:52 2017</timestamp>
</msg>
<msg id="38" tool="tc">
  <type>ANALYSIS_COMPLETE</type>
  <severity>INFO</severity>
  <timestamp>Tue Jul 11 13:55:52 2017</timestamp>
</msg>
<msg id="39" tool="tc">
  <type>STOP</type>
  <severity>INFO</severity>
  <timestamp>Tue Jul 11 13:55:52 2017</timestamp>
</msg>
<msg id="40" tool="runtool">
  <type>app-exit-code</type>
  <arg>0</arg>
</msg>
<msg id="41" tool="runtool">
  <type>marker-file</type>
  <arg>/home/AstroVPK/Documents/luDecomp/Vec/e000/mp000/mp000.advixe</arg>
</msg>
<msg id="42" tool="runtool">
  <type>collector-done</type>
</msg>
<msg id="43" tool="runtool">
  <type>log-end</type>
  <arg>2017/07/11 13:55:55</arg>
</msg>

</log>

