<?xml version="1.0" encoding="utf-8" ?>
<!-- DO NOT EDIT THIS FILE -->

<log version='2.0' source='tcet'>
	<!-- Opened annotation file /opt/intel/advisor_2017.1.3.510716/lib64/../config/tc/map.ant -->
	<!-- Opened annotation file /opt/intel/advisor_2017.1.3.510716/lib64/../config/tc/allocators.ant -->
	<msg id='1' display='false' source='map'>
		<type>START</type>
		<severity>INFO</severity>
		<timestamp>Tue Jul 11 13:54:11 2017</timestamp>
	</msg>
	<!-- Successfully loaded CCRT 13.1.2 at address 0x7f89cbe60000 - 0x7f89cbe69000 -->
	<!-- Successfully loaded the TC Analysis Core 8.1.5 at address 0x7f89b9084000 - 0x7f89b9094000 -->
	<!-- Successfully loaded the TC Instrumentation Engine 8.1.5 at address 0x7f89cbe69000 - 0x7f89cc0c5000 -->
	<!-- This is the instance of interest -->
	<msg id='2' source='tcet'>
		<type>EXEC_OF_INTEREST</type>
		<severity>INFO</severity>
		<timestamp>Tue Jul 11 13:54:11 2017</timestamp>
		<arg name='process'>/home/AstroVPK/code/lu/luDecomp</arg>
		<arg name='pid'>13119</arg>
	</msg>
	<msg id='3' source='tcet'>
		<type>LOAD_MODULE</type>
		<severity>INFO</severity>
		<timestamp>Tue Jul 11 13:54:11 2017</timestamp>
		<arg name='module'>/home/AstroVPK/code/lu/luDecomp</arg>
		<arg name='basement'>0x400000</arg>
		<arg name='ceiling'>0x6169bf</arg>
	</msg>
	<msg id='4' source='tcet'>
		<type>LOAD_MODULE</type>
		<severity>INFO</severity>
		<timestamp>Tue Jul 11 13:54:11 2017</timestamp>
		<arg name='module'>/lib64/ld-linux-x86-64.so.2</arg>
		<arg name='basement'>0x7f89cce48000</arg>
		<arg name='ceiling'>0x7f89cd06a14f</arg>
	</msg>
	<msg id='5' source='tcet'>
		<type>LOAD_MODULE</type>
		<severity>INFO</severity>
		<timestamp>Tue Jul 11 13:54:11 2017</timestamp>
		<arg name='module'>[vdso]</arg>
		<arg name='basement'>0x7ffd2a5d3000</arg>
		<arg name='ceiling'>0x7ffd2a5d3fdc</arg>
	</msg>
	<msg id='6' source='tcet'>
		<type>LOAD_MODULE</type>
		<severity>INFO</severity>
		<timestamp>Tue Jul 11 13:54:13 2017</timestamp>
		<arg name='module'>/lib64/libm.so.6</arg>
		<arg name='basement'>0x7f89b834a000</arg>
		<arg name='ceiling'>0x7f89b864b147</arg>
	</msg>
	<msg id='7' source='tcet'>
		<type>LOAD_MODULE</type>
		<severity>INFO</severity>
		<timestamp>Tue Jul 11 13:54:13 2017</timestamp>
		<arg name='module'>/opt/intel/compilers_and_libraries_2017.4.196/linux/compiler/lib/intel64/libiomp5.so</arg>
		<arg name='basement'>0x7f89b7f17000</arg>
		<arg name='ceiling'>0x7f89b82ba9bf</arg>
	</msg>
	<msg id='8' source='tcet'>
		<type>LOAD_MODULE</type>
		<severity>INFO</severity>
		<timestamp>Tue Jul 11 13:54:13 2017</timestamp>
		<arg name='module'>/lib64/libmemkind.so.0</arg>
		<arg name='basement'>0x7f89b7cc0000</arg>
		<arg name='ceiling'>0x7f89b7f16a07</arg>
	</msg>
	<msg id='9' source='tcet'>
		<type>LOAD_MODULE</type>
		<severity>INFO</severity>
		<timestamp>Tue Jul 11 13:54:13 2017</timestamp>
		<arg name='module'>/lib64/libstdc++.so.6</arg>
		<arg name='basement'>0x7f89b79b7000</arg>
		<arg name='ceiling'>0x7f89b7cbf41f</arg>
	</msg>
	<msg id='10' source='tcet'>
		<type>LOAD_MODULE</type>
		<severity>INFO</severity>
		<timestamp>Tue Jul 11 13:54:13 2017</timestamp>
		<arg name='module'>/lib64/libgcc_s.so.1</arg>
		<arg name='basement'>0x7f89b77a1000</arg>
		<arg name='ceiling'>0x7f89b79b63ff</arg>
	</msg>
	<msg id='11' source='tcet'>
		<type>LOAD_MODULE</type>
		<severity>INFO</severity>
		<timestamp>Tue Jul 11 13:54:13 2017</timestamp>
		<arg name='module'>/lib64/libpthread.so.0</arg>
		<arg name='basement'>0x7f89b7585000</arg>
		<arg name='ceiling'>0x7f89b77a045f</arg>
	</msg>
	<msg id='12' source='tcet'>
		<type>LOAD_MODULE</type>
		<severity>INFO</severity>
		<timestamp>Tue Jul 11 13:54:14 2017</timestamp>
		<arg name='module'>/lib64/libc.so.6</arg>
		<arg name='basement'>0x7f89b71c4000</arg>
		<arg name='ceiling'>0x7f89b75841ff</arg>
	</msg>
	<msg id='13' source='tcet'>
		<type>LOAD_MODULE</type>
		<severity>INFO</severity>
		<timestamp>Tue Jul 11 13:54:14 2017</timestamp>
		<arg name='module'>/lib64/libdl.so.2</arg>
		<arg name='basement'>0x7f89b6fc0000</arg>
		<arg name='ceiling'>0x7f89b71c312f</arg>
	</msg>
	<msg id='14' source='tcet'>
		<type>LOAD_MODULE</type>
		<severity>INFO</severity>
		<timestamp>Tue Jul 11 13:54:14 2017</timestamp>
		<arg name='module'>/lib64/libnuma.so.1</arg>
		<arg name='basement'>0x7f89b6d8e000</arg>
		<arg name='ceiling'>0x7f89b6f998e7</arg>
	</msg>
	<msg id='15' source='tcet'>
		<type>LOAD_MODULE</type>
		<severity>INFO</severity>
		<timestamp>Tue Jul 11 13:54:20 2017</timestamp>
		<arg name='module'>/opt/intel/advisor_2017.1.3.510716/lib64/runtime/libittnotify.so</arg>
		<arg name='basement'>0x7f89b4556000</arg>
		<arg name='ceiling'>0x7f89b476189f</arg>
	</msg>
	<msg id='16' source='map'>
		<type>TOO_FEW_ITERATIONS</type>
		<severity>WARNING</severity>
		<timestamp>Tue Jul 11 13:54:34 2017</timestamp>
		<arg name='site_id'>loop_site_23</arg>
		<arg name='iterations'>0</arg>
	</msg>
	<msg id='17' source='map'>
		<type>TOO_FEW_ITERATIONS</type>
		<severity>WARNING</severity>
		<timestamp>Tue Jul 11 13:54:34 2017</timestamp>
		<arg name='site_id'>loop_site_22</arg>
		<arg name='iterations'>0</arg>
	</msg>
	<msg id='18' source='map'>
		<type>TOO_FEW_ITERATIONS</type>
		<severity>WARNING</severity>
		<timestamp>Tue Jul 11 13:54:34 2017</timestamp>
		<arg name='site_id'>loop_site_20</arg>
		<arg name='iterations'>0</arg>
	</msg>
	<msg id='19' source='map'>
		<type>BAD_ANNOTATION</type>
		<severity>WARNING</severity>
		<timestamp>Tue Jul 11 13:54:34 2017</timestamp>
		<arg name='end_id'>0x16</arg>
		<arg name='begin_id'>0x14</arg>
	</msg>
	<msg id='20' source='map'>
		<type>BAD_ANNOTATION</type>
		<severity>WARNING</severity>
		<timestamp>Tue Jul 11 13:54:34 2017</timestamp>
		<arg name='end_id'>0x12</arg>
		<arg name='begin_id'>0x14</arg>
	</msg>
	<msg id='21' source='tcet'>
		<type>UNLOAD_MODULE</type>
		<severity>INFO</severity>
		<timestamp>Tue Jul 11 13:55:52 2017</timestamp>
		<arg name='module'>/home/AstroVPK/code/lu/luDecomp</arg>
	</msg>
	<msg id='22' source='tcet'>
		<type>UNLOAD_MODULE</type>
		<severity>INFO</severity>
		<timestamp>Tue Jul 11 13:55:52 2017</timestamp>
		<arg name='module'>/lib64/ld-linux-x86-64.so.2</arg>
	</msg>
	<msg id='23' source='tcet'>
		<type>UNLOAD_MODULE</type>
		<severity>INFO</severity>
		<timestamp>Tue Jul 11 13:55:52 2017</timestamp>
		<arg name='module'>[vdso]</arg>
	</msg>
	<msg id='24' source='tcet'>
		<type>UNLOAD_MODULE</type>
		<severity>INFO</severity>
		<timestamp>Tue Jul 11 13:55:52 2017</timestamp>
		<arg name='module'>/lib64/libm.so.6</arg>
	</msg>
	<msg id='25' source='tcet'>
		<type>UNLOAD_MODULE</type>
		<severity>INFO</severity>
		<timestamp>Tue Jul 11 13:55:52 2017</timestamp>
		<arg name='module'>/opt/intel/compilers_and_libraries_2017.4.196/linux/compiler/lib/intel64/libiomp5.so</arg>
	</msg>
	<msg id='26' source='tcet'>
		<type>UNLOAD_MODULE</type>
		<severity>INFO</severity>
		<timestamp>Tue Jul 11 13:55:52 2017</timestamp>
		<arg name='module'>/lib64/libmemkind.so.0</arg>
	</msg>
	<msg id='27' source='tcet'>
		<type>UNLOAD_MODULE</type>
		<severity>INFO</severity>
		<timestamp>Tue Jul 11 13:55:52 2017</timestamp>
		<arg name='module'>/lib64/libstdc++.so.6</arg>
	</msg>
	<msg id='28' source='tcet'>
		<type>UNLOAD_MODULE</type>
		<severity>INFO</severity>
		<timestamp>Tue Jul 11 13:55:52 2017</timestamp>
		<arg name='module'>/lib64/libgcc_s.so.1</arg>
	</msg>
	<msg id='29' source='tcet'>
		<type>UNLOAD_MODULE</type>
		<severity>INFO</severity>
		<timestamp>Tue Jul 11 13:55:52 2017</timestamp>
		<arg name='module'>/lib64/libpthread.so.0</arg>
	</msg>
	<msg id='30' source='tcet'>
		<type>UNLOAD_MODULE</type>
		<severity>INFO</severity>
		<timestamp>Tue Jul 11 13:55:52 2017</timestamp>
		<arg name='module'>/lib64/libc.so.6</arg>
	</msg>
	<msg id='31' source='tcet'>
		<type>UNLOAD_MODULE</type>
		<severity>INFO</severity>
		<timestamp>Tue Jul 11 13:55:52 2017</timestamp>
		<arg name='module'>/lib64/libdl.so.2</arg>
	</msg>
	<msg id='32' source='tcet'>
		<type>UNLOAD_MODULE</type>
		<severity>INFO</severity>
		<timestamp>Tue Jul 11 13:55:52 2017</timestamp>
		<arg name='module'>/lib64/libnuma.so.1</arg>
	</msg>
	<msg id='33' source='tcet'>
		<type>UNLOAD_MODULE</type>
		<severity>INFO</severity>
		<timestamp>Tue Jul 11 13:55:52 2017</timestamp>
		<arg name='module'>/opt/intel/advisor_2017.1.3.510716/lib64/runtime/libittnotify.so</arg>
	</msg>
	<msg id='34' source='tcet'>
		<type>PROCESS_TERMINATE</type>
		<severity>INFO</severity>
		<timestamp>Tue Jul 11 13:55:52 2017</timestamp>
		<arg name='process'>/home/AstroVPK/code/lu/luDecomp</arg>
		<arg name='pid'>13119</arg>
	</msg>
	<msg id='35' display='false' source='map'>
		<type>ANALYSIS_COMPLETE</type>
		<severity>INFO</severity>
		<timestamp>Tue Jul 11 13:55:52 2017</timestamp>
	</msg>
	<msg id='36' display='false' source='map'>
		<type>STOP</type>
		<severity>INFO</severity>
		<timestamp>Tue Jul 11 13:55:52 2017</timestamp>
	</msg>
</log>