<?xml version="1.0" encoding="utf-8"?>
<log version="1.0" tool="runtool">

<msg id="1" tool="runtool">
  <type>log-start</type>
  <arg>2017/07/11 14:17:03</arg>
</msg>
<msg id="2" tool="runtool">
  <type>collector-starts</type>
</msg>
<msg id="3" tool="runtool">
  <type>marker-file</type>
  <arg>/home/AstroVPK/Documents/luDecomp/RegVec/e000/mp000/mp000.advixe</arg>
</msg>
<msg id="4" tool="tc">
  <type>START</type>
  <severity>INFO</severity>
  <timestamp>Tue Jul 11 14:17:03 2017</timestamp>
</msg>
<msg id="5" tool="tc">
  <type>EXEC_OF_INTEREST</type>
  <arg>/home/AstroVPK/code/lu/luDecomp</arg>
  <arg>13971</arg>
  <severity>INFO</severity>
  <timestamp>Tue Jul 11 14:17:03 2017</timestamp>
</msg>
<msg id="6" tool="tc">
  <type>LOAD_MODULE</type>
  <arg>/home/AstroVPK/code/lu/luDecomp</arg>
  <arg>0x400000</arg>
  <arg>0x6169bf</arg>
  <severity>INFO</severity>
  <timestamp>Tue Jul 11 14:17:03 2017</timestamp>
</msg>
<msg id="7" tool="tc">
  <type>LOAD_MODULE</type>
  <arg>/lib64/ld-linux-x86-64.so.2</arg>
  <arg>0x7f982937d000</arg>
  <arg>0x7f982959f14f</arg>
  <severity>INFO</severity>
  <timestamp>Tue Jul 11 14:17:03 2017</timestamp>
</msg>
<msg id="8" tool="tc">
  <type>LOAD_MODULE</type>
  <arg>[vdso]</arg>
  <arg>0x7ffc06bca000</arg>
  <arg>0x7ffc06bcafdc</arg>
  <severity>INFO</severity>
  <timestamp>Tue Jul 11 14:17:03 2017</timestamp>
</msg>
<msg id="9" tool="tc">
  <type>LOAD_MODULE</type>
  <arg>/lib64/libm.so.6</arg>
  <arg>0x7f981487e000</arg>
  <arg>0x7f9814b7f147</arg>
  <severity>INFO</severity>
  <timestamp>Tue Jul 11 14:17:05 2017</timestamp>
</msg>
<msg id="10" tool="tc">
  <type>LOAD_MODULE</type>
  <arg>/opt/intel/compilers_and_libraries_2017.4.196/linux/compiler/lib/intel64/libiomp5.so</arg>
  <arg>0x7f981444b000</arg>
  <arg>0x7f98147ee9bf</arg>
  <severity>INFO</severity>
  <timestamp>Tue Jul 11 14:17:05 2017</timestamp>
</msg>
<msg id="11" tool="tc">
  <type>LOAD_MODULE</type>
  <arg>/lib64/libmemkind.so.0</arg>
  <arg>0x7f98141f4000</arg>
  <arg>0x7f981444aa07</arg>
  <severity>INFO</severity>
  <timestamp>Tue Jul 11 14:17:05 2017</timestamp>
</msg>
<msg id="12" tool="tc">
  <type>LOAD_MODULE</type>
  <arg>/lib64/libstdc++.so.6</arg>
  <arg>0x7f9813eeb000</arg>
  <arg>0x7f98141f341f</arg>
  <severity>INFO</severity>
  <timestamp>Tue Jul 11 14:17:05 2017</timestamp>
</msg>
<msg id="13" tool="tc">
  <type>LOAD_MODULE</type>
  <arg>/lib64/libgcc_s.so.1</arg>
  <arg>0x7f9813cd5000</arg>
  <arg>0x7f9813eea3ff</arg>
  <severity>INFO</severity>
  <timestamp>Tue Jul 11 14:17:06 2017</timestamp>
</msg>
<msg id="14" tool="tc">
  <type>LOAD_MODULE</type>
  <arg>/lib64/libpthread.so.0</arg>
  <arg>0x7f9813ab9000</arg>
  <arg>0x7f9813cd445f</arg>
  <severity>INFO</severity>
  <timestamp>Tue Jul 11 14:17:06 2017</timestamp>
</msg>
<msg id="15" tool="tc">
  <type>LOAD_MODULE</type>
  <arg>/lib64/libc.so.6</arg>
  <arg>0x7f98136f8000</arg>
  <arg>0x7f9813ab81ff</arg>
  <severity>INFO</severity>
  <timestamp>Tue Jul 11 14:17:06 2017</timestamp>
</msg>
<msg id="16" tool="tc">
  <type>LOAD_MODULE</type>
  <arg>/lib64/libdl.so.2</arg>
  <arg>0x7f98134f4000</arg>
  <arg>0x7f98136f712f</arg>
  <severity>INFO</severity>
  <timestamp>Tue Jul 11 14:17:06 2017</timestamp>
</msg>
<msg id="17" tool="tc">
  <type>LOAD_MODULE</type>
  <arg>/lib64/libnuma.so.1</arg>
  <arg>0x7f98132c3000</arg>
  <arg>0x7f98134ce8e7</arg>
  <severity>INFO</severity>
  <timestamp>Tue Jul 11 14:17:06 2017</timestamp>
</msg>
<msg id="18" tool="tc">
  <type>LOAD_MODULE</type>
  <arg>/opt/intel/advisor_2017.1.3.510716/lib64/runtime/libittnotify.so</arg>
  <arg>0x7f9810a8a000</arg>
  <arg>0x7f9810c9589f</arg>
  <severity>INFO</severity>
  <timestamp>Tue Jul 11 14:17:12 2017</timestamp>
</msg>
<msg id="19" tool="tc">
  <type>BAD_ANNOTATION</type>
  <arg>0x15</arg>
  <arg>0x13</arg>
  <severity>WARNING</severity>
  <timestamp>Tue Jul 11 14:17:26 2017</timestamp>
</msg>
<msg id="20" tool="tc">
  <type>TOO_FEW_ITERATIONS</type>
  <arg>loop_site_19</arg>
  <arg>0</arg>
  <severity>WARNING</severity>
  <timestamp>Tue Jul 11 14:17:26 2017</timestamp>
</msg>
<msg id="21" tool="tc">
  <type>TOO_FEW_ITERATIONS</type>
  <arg>loop_site_21</arg>
  <arg>0</arg>
  <severity>WARNING</severity>
  <timestamp>Tue Jul 11 14:17:26 2017</timestamp>
</msg>
<msg id="22" tool="tc">
  <type>TOO_FEW_ITERATIONS</type>
  <arg>loop_site_20</arg>
  <arg>1</arg>
  <severity>WARNING</severity>
  <timestamp>Tue Jul 11 14:17:26 2017</timestamp>
</msg>
<msg id="23" tool="tc">
  <type>UNLOAD_MODULE</type>
  <arg>/home/AstroVPK/code/lu/luDecomp</arg>
  <severity>INFO</severity>
  <timestamp>Tue Jul 11 14:18:32 2017</timestamp>
</msg>
<msg id="24" tool="tc">
  <type>UNLOAD_MODULE</type>
  <arg>/lib64/ld-linux-x86-64.so.2</arg>
  <severity>INFO</severity>
  <timestamp>Tue Jul 11 14:18:32 2017</timestamp>
</msg>
<msg id="25" tool="tc">
  <type>UNLOAD_MODULE</type>
  <arg>[vdso]</arg>
  <severity>INFO</severity>
  <timestamp>Tue Jul 11 14:18:32 2017</timestamp>
</msg>
<msg id="26" tool="tc">
  <type>UNLOAD_MODULE</type>
  <arg>/lib64/libm.so.6</arg>
  <severity>INFO</severity>
  <timestamp>Tue Jul 11 14:18:32 2017</timestamp>
</msg>
<msg id="27" tool="tc">
  <type>UNLOAD_MODULE</type>
  <arg>/opt/intel/compilers_and_libraries_2017.4.196/linux/compiler/lib/intel64/libiomp5.so</arg>
  <severity>INFO</severity>
  <timestamp>Tue Jul 11 14:18:32 2017</timestamp>
</msg>
<msg id="28" tool="tc">
  <type>UNLOAD_MODULE</type>
  <arg>/lib64/libmemkind.so.0</arg>
  <severity>INFO</severity>
  <timestamp>Tue Jul 11 14:18:32 2017</timestamp>
</msg>
<msg id="29" tool="tc">
  <type>UNLOAD_MODULE</type>
  <arg>/lib64/libstdc++.so.6</arg>
  <severity>INFO</severity>
  <timestamp>Tue Jul 11 14:18:32 2017</timestamp>
</msg>
<msg id="30" tool="tc">
  <type>UNLOAD_MODULE</type>
  <arg>/lib64/libgcc_s.so.1</arg>
  <severity>INFO</severity>
  <timestamp>Tue Jul 11 14:18:32 2017</timestamp>
</msg>
<msg id="31" tool="tc">
  <type>UNLOAD_MODULE</type>
  <arg>/lib64/libpthread.so.0</arg>
  <severity>INFO</severity>
  <timestamp>Tue Jul 11 14:18:32 2017</timestamp>
</msg>
<msg id="32" tool="tc">
  <type>UNLOAD_MODULE</type>
  <arg>/lib64/libc.so.6</arg>
  <severity>INFO</severity>
  <timestamp>Tue Jul 11 14:18:32 2017</timestamp>
</msg>
<msg id="33" tool="tc">
  <type>UNLOAD_MODULE</type>
  <arg>/lib64/libdl.so.2</arg>
  <severity>INFO</severity>
  <timestamp>Tue Jul 11 14:18:32 2017</timestamp>
</msg>
<msg id="34" tool="tc">
  <type>UNLOAD_MODULE</type>
  <arg>/lib64/libnuma.so.1</arg>
  <severity>INFO</severity>
  <timestamp>Tue Jul 11 14:18:32 2017</timestamp>
</msg>
<msg id="35" tool="tc">
  <type>UNLOAD_MODULE</type>
  <arg>/opt/intel/advisor_2017.1.3.510716/lib64/runtime/libittnotify.so</arg>
  <severity>INFO</severity>
  <timestamp>Tue Jul 11 14:18:32 2017</timestamp>
</msg>
<msg id="36" tool="tc">
  <type>PROCESS_TERMINATE</type>
  <arg>/home/AstroVPK/code/lu/luDecomp</arg>
  <arg>13971</arg>
  <severity>INFO</severity>
  <timestamp>Tue Jul 11 14:18:32 2017</timestamp>
</msg>
<msg id="37" tool="tc">
  <type>ANALYSIS_COMPLETE</type>
  <severity>INFO</severity>
  <timestamp>Tue Jul 11 14:18:32 2017</timestamp>
</msg>
<msg id="38" tool="tc">
  <type>STOP</type>
  <severity>INFO</severity>
  <timestamp>Tue Jul 11 14:18:32 2017</timestamp>
</msg>
<msg id="39" tool="runtool">
  <type>app-exit-code</type>
  <arg>0</arg>
</msg>
<msg id="40" tool="runtool">
  <type>marker-file</type>
  <arg>/home/AstroVPK/Documents/luDecomp/RegVec/e000/mp000/mp000.advixe</arg>
</msg>
<msg id="41" tool="runtool">
  <type>collector-done</type>
</msg>
<msg id="42" tool="runtool">
  <type>log-end</type>
  <arg>2017/07/11 14:18:36</arg>
</msg>

</log>

