<?xml version="1.0" encoding="utf-8" ?>
<!-- DO NOT EDIT THIS FILE -->

<log version='2.0' source='tcet'>
	<!-- Opened annotation file /opt/intel/advisor_2017.1.3.510716/lib64/../config/tc/map.ant -->
	<!-- Opened annotation file /opt/intel/advisor_2017.1.3.510716/lib64/../config/tc/allocators.ant -->
	<msg id='1' display='false' source='map'>
		<type>START</type>
		<severity>INFO</severity>
		<timestamp>Tue Jul 11 14:17:03 2017</timestamp>
	</msg>
	<!-- Successfully loaded CCRT 13.1.2 at address 0x7f9828395000 - 0x7f982839e000 -->
	<!-- Successfully loaded the TC Analysis Core 8.1.5 at address 0x7f98155b9000 - 0x7f98155c9000 -->
	<!-- Successfully loaded the TC Instrumentation Engine 8.1.5 at address 0x7f982839e000 - 0x7f98285fa000 -->
	<!-- This is the instance of interest -->
	<msg id='2' source='tcet'>
		<type>EXEC_OF_INTEREST</type>
		<severity>INFO</severity>
		<timestamp>Tue Jul 11 14:17:03 2017</timestamp>
		<arg name='process'>/home/AstroVPK/code/lu/luDecomp</arg>
		<arg name='pid'>13971</arg>
	</msg>
	<msg id='3' source='tcet'>
		<type>LOAD_MODULE</type>
		<severity>INFO</severity>
		<timestamp>Tue Jul 11 14:17:03 2017</timestamp>
		<arg name='module'>/home/AstroVPK/code/lu/luDecomp</arg>
		<arg name='basement'>0x400000</arg>
		<arg name='ceiling'>0x6169bf</arg>
	</msg>
	<msg id='4' source='tcet'>
		<type>LOAD_MODULE</type>
		<severity>INFO</severity>
		<timestamp>Tue Jul 11 14:17:03 2017</timestamp>
		<arg name='module'>/lib64/ld-linux-x86-64.so.2</arg>
		<arg name='basement'>0x7f982937d000</arg>
		<arg name='ceiling'>0x7f982959f14f</arg>
	</msg>
	<msg id='5' source='tcet'>
		<type>LOAD_MODULE</type>
		<severity>INFO</severity>
		<timestamp>Tue Jul 11 14:17:03 2017</timestamp>
		<arg name='module'>[vdso]</arg>
		<arg name='basement'>0x7ffc06bca000</arg>
		<arg name='ceiling'>0x7ffc06bcafdc</arg>
	</msg>
	<msg id='6' source='tcet'>
		<type>LOAD_MODULE</type>
		<severity>INFO</severity>
		<timestamp>Tue Jul 11 14:17:05 2017</timestamp>
		<arg name='module'>/lib64/libm.so.6</arg>
		<arg name='basement'>0x7f981487e000</arg>
		<arg name='ceiling'>0x7f9814b7f147</arg>
	</msg>
	<msg id='7' source='tcet'>
		<type>LOAD_MODULE</type>
		<severity>INFO</severity>
		<timestamp>Tue Jul 11 14:17:05 2017</timestamp>
		<arg name='module'>/opt/intel/compilers_and_libraries_2017.4.196/linux/compiler/lib/intel64/libiomp5.so</arg>
		<arg name='basement'>0x7f981444b000</arg>
		<arg name='ceiling'>0x7f98147ee9bf</arg>
	</msg>
	<msg id='8' source='tcet'>
		<type>LOAD_MODULE</type>
		<severity>INFO</severity>
		<timestamp>Tue Jul 11 14:17:05 2017</timestamp>
		<arg name='module'>/lib64/libmemkind.so.0</arg>
		<arg name='basement'>0x7f98141f4000</arg>
		<arg name='ceiling'>0x7f981444aa07</arg>
	</msg>
	<msg id='9' source='tcet'>
		<type>LOAD_MODULE</type>
		<severity>INFO</severity>
		<timestamp>Tue Jul 11 14:17:05 2017</timestamp>
		<arg name='module'>/lib64/libstdc++.so.6</arg>
		<arg name='basement'>0x7f9813eeb000</arg>
		<arg name='ceiling'>0x7f98141f341f</arg>
	</msg>
	<msg id='10' source='tcet'>
		<type>LOAD_MODULE</type>
		<severity>INFO</severity>
		<timestamp>Tue Jul 11 14:17:06 2017</timestamp>
		<arg name='module'>/lib64/libgcc_s.so.1</arg>
		<arg name='basement'>0x7f9813cd5000</arg>
		<arg name='ceiling'>0x7f9813eea3ff</arg>
	</msg>
	<msg id='11' source='tcet'>
		<type>LOAD_MODULE</type>
		<severity>INFO</severity>
		<timestamp>Tue Jul 11 14:17:06 2017</timestamp>
		<arg name='module'>/lib64/libpthread.so.0</arg>
		<arg name='basement'>0x7f9813ab9000</arg>
		<arg name='ceiling'>0x7f9813cd445f</arg>
	</msg>
	<msg id='12' source='tcet'>
		<type>LOAD_MODULE</type>
		<severity>INFO</severity>
		<timestamp>Tue Jul 11 14:17:06 2017</timestamp>
		<arg name='module'>/lib64/libc.so.6</arg>
		<arg name='basement'>0x7f98136f8000</arg>
		<arg name='ceiling'>0x7f9813ab81ff</arg>
	</msg>
	<msg id='13' source='tcet'>
		<type>LOAD_MODULE</type>
		<severity>INFO</severity>
		<timestamp>Tue Jul 11 14:17:06 2017</timestamp>
		<arg name='module'>/lib64/libdl.so.2</arg>
		<arg name='basement'>0x7f98134f4000</arg>
		<arg name='ceiling'>0x7f98136f712f</arg>
	</msg>
	<msg id='14' source='tcet'>
		<type>LOAD_MODULE</type>
		<severity>INFO</severity>
		<timestamp>Tue Jul 11 14:17:06 2017</timestamp>
		<arg name='module'>/lib64/libnuma.so.1</arg>
		<arg name='basement'>0x7f98132c3000</arg>
		<arg name='ceiling'>0x7f98134ce8e7</arg>
	</msg>
	<msg id='15' source='tcet'>
		<type>LOAD_MODULE</type>
		<severity>INFO</severity>
		<timestamp>Tue Jul 11 14:17:12 2017</timestamp>
		<arg name='module'>/opt/intel/advisor_2017.1.3.510716/lib64/runtime/libittnotify.so</arg>
		<arg name='basement'>0x7f9810a8a000</arg>
		<arg name='ceiling'>0x7f9810c9589f</arg>
	</msg>
	<msg id='16' source='map'>
		<type>BAD_ANNOTATION</type>
		<severity>WARNING</severity>
		<timestamp>Tue Jul 11 14:17:26 2017</timestamp>
		<arg name='end_id'>0x15</arg>
		<arg name='begin_id'>0x13</arg>
	</msg>
	<msg id='17' source='map'>
		<type>TOO_FEW_ITERATIONS</type>
		<severity>WARNING</severity>
		<timestamp>Tue Jul 11 14:17:26 2017</timestamp>
		<arg name='site_id'>loop_site_19</arg>
		<arg name='iterations'>0</arg>
	</msg>
	<msg id='18' source='map'>
		<type>TOO_FEW_ITERATIONS</type>
		<severity>WARNING</severity>
		<timestamp>Tue Jul 11 14:17:26 2017</timestamp>
		<arg name='site_id'>loop_site_21</arg>
		<arg name='iterations'>0</arg>
	</msg>
	<msg id='19' source='map'>
		<type>TOO_FEW_ITERATIONS</type>
		<severity>WARNING</severity>
		<timestamp>Tue Jul 11 14:17:26 2017</timestamp>
		<arg name='site_id'>loop_site_20</arg>
		<arg name='iterations'>1</arg>
	</msg>
	<msg id='20' source='tcet'>
		<type>UNLOAD_MODULE</type>
		<severity>INFO</severity>
		<timestamp>Tue Jul 11 14:18:32 2017</timestamp>
		<arg name='module'>/home/AstroVPK/code/lu/luDecomp</arg>
	</msg>
	<msg id='21' source='tcet'>
		<type>UNLOAD_MODULE</type>
		<severity>INFO</severity>
		<timestamp>Tue Jul 11 14:18:32 2017</timestamp>
		<arg name='module'>/lib64/ld-linux-x86-64.so.2</arg>
	</msg>
	<msg id='22' source='tcet'>
		<type>UNLOAD_MODULE</type>
		<severity>INFO</severity>
		<timestamp>Tue Jul 11 14:18:32 2017</timestamp>
		<arg name='module'>[vdso]</arg>
	</msg>
	<msg id='23' source='tcet'>
		<type>UNLOAD_MODULE</type>
		<severity>INFO</severity>
		<timestamp>Tue Jul 11 14:18:32 2017</timestamp>
		<arg name='module'>/lib64/libm.so.6</arg>
	</msg>
	<msg id='24' source='tcet'>
		<type>UNLOAD_MODULE</type>
		<severity>INFO</severity>
		<timestamp>Tue Jul 11 14:18:32 2017</timestamp>
		<arg name='module'>/opt/intel/compilers_and_libraries_2017.4.196/linux/compiler/lib/intel64/libiomp5.so</arg>
	</msg>
	<msg id='25' source='tcet'>
		<type>UNLOAD_MODULE</type>
		<severity>INFO</severity>
		<timestamp>Tue Jul 11 14:18:32 2017</timestamp>
		<arg name='module'>/lib64/libmemkind.so.0</arg>
	</msg>
	<msg id='26' source='tcet'>
		<type>UNLOAD_MODULE</type>
		<severity>INFO</severity>
		<timestamp>Tue Jul 11 14:18:32 2017</timestamp>
		<arg name='module'>/lib64/libstdc++.so.6</arg>
	</msg>
	<msg id='27' source='tcet'>
		<type>UNLOAD_MODULE</type>
		<severity>INFO</severity>
		<timestamp>Tue Jul 11 14:18:32 2017</timestamp>
		<arg name='module'>/lib64/libgcc_s.so.1</arg>
	</msg>
	<msg id='28' source='tcet'>
		<type>UNLOAD_MODULE</type>
		<severity>INFO</severity>
		<timestamp>Tue Jul 11 14:18:32 2017</timestamp>
		<arg name='module'>/lib64/libpthread.so.0</arg>
	</msg>
	<msg id='29' source='tcet'>
		<type>UNLOAD_MODULE</type>
		<severity>INFO</severity>
		<timestamp>Tue Jul 11 14:18:32 2017</timestamp>
		<arg name='module'>/lib64/libc.so.6</arg>
	</msg>
	<msg id='30' source='tcet'>
		<type>UNLOAD_MODULE</type>
		<severity>INFO</severity>
		<timestamp>Tue Jul 11 14:18:32 2017</timestamp>
		<arg name='module'>/lib64/libdl.so.2</arg>
	</msg>
	<msg id='31' source='tcet'>
		<type>UNLOAD_MODULE</type>
		<severity>INFO</severity>
		<timestamp>Tue Jul 11 14:18:32 2017</timestamp>
		<arg name='module'>/lib64/libnuma.so.1</arg>
	</msg>
	<msg id='32' source='tcet'>
		<type>UNLOAD_MODULE</type>
		<severity>INFO</severity>
		<timestamp>Tue Jul 11 14:18:32 2017</timestamp>
		<arg name='module'>/opt/intel/advisor_2017.1.3.510716/lib64/runtime/libittnotify.so</arg>
	</msg>
	<msg id='33' source='tcet'>
		<type>PROCESS_TERMINATE</type>
		<severity>INFO</severity>
		<timestamp>Tue Jul 11 14:18:32 2017</timestamp>
		<arg name='process'>/home/AstroVPK/code/lu/luDecomp</arg>
		<arg name='pid'>13971</arg>
	</msg>
	<msg id='34' display='false' source='map'>
		<type>ANALYSIS_COMPLETE</type>
		<severity>INFO</severity>
		<timestamp>Tue Jul 11 14:18:32 2017</timestamp>
	</msg>
	<msg id='35' display='false' source='map'>
		<type>STOP</type>
		<severity>INFO</severity>
		<timestamp>Tue Jul 11 14:18:32 2017</timestamp>
	</msg>
</log>