<?xml version="1.0" encoding="utf-8"?>
<log version="1.0" tool="runtool">

<msg id="1" tool="runtool">
  <type>log-start</type>
  <arg>2017/07/10 13:44:23</arg>
</msg>
<msg id="2" tool="runtool">
  <type>collector-starts</type>
</msg>
<msg id="3" tool="runtool">
  <type>marker-file</type>
  <arg>/home/AstroVPK/Documents/luDecomp/e000/mp000/mp000.advixe</arg>
</msg>
<msg id="4" tool="tc">
  <type>START</type>
  <severity>INFO</severity>
  <timestamp>Mon Jul 10 13:44:23 2017</timestamp>
</msg>
<msg id="5" tool="tc">
  <type>EXEC_OF_INTEREST</type>
  <arg>/home/AstroVPK/code/lu/luDecomp</arg>
  <arg>91368</arg>
  <severity>INFO</severity>
  <timestamp>Mon Jul 10 13:44:23 2017</timestamp>
</msg>
<msg id="6" tool="tc">
  <type>LOAD_MODULE</type>
  <arg>/home/AstroVPK/code/lu/luDecomp</arg>
  <arg>0x400000</arg>
  <arg>0x6169bf</arg>
  <severity>INFO</severity>
  <timestamp>Mon Jul 10 13:44:23 2017</timestamp>
</msg>
<msg id="7" tool="tc">
  <type>LOAD_MODULE</type>
  <arg>/lib64/ld-linux-x86-64.so.2</arg>
  <arg>0x7fca676bf000</arg>
  <arg>0x7fca678e114f</arg>
  <severity>INFO</severity>
  <timestamp>Mon Jul 10 13:44:23 2017</timestamp>
</msg>
<msg id="8" tool="tc">
  <type>LOAD_MODULE</type>
  <arg>[vdso]</arg>
  <arg>0x7ffd7d52e000</arg>
  <arg>0x7ffd7d52efdc</arg>
  <severity>INFO</severity>
  <timestamp>Mon Jul 10 13:44:23 2017</timestamp>
</msg>
<msg id="9" tool="tc">
  <type>LOAD_MODULE</type>
  <arg>/lib64/libm.so.6</arg>
  <arg>0x7fca52bc1000</arg>
  <arg>0x7fca52ec2147</arg>
  <severity>INFO</severity>
  <timestamp>Mon Jul 10 13:44:25 2017</timestamp>
</msg>
<msg id="10" tool="tc">
  <type>LOAD_MODULE</type>
  <arg>/opt/intel/compilers_and_libraries_2017.4.196/linux/compiler/lib/intel64/libiomp5.so</arg>
  <arg>0x7fca5278e000</arg>
  <arg>0x7fca52b319bf</arg>
  <severity>INFO</severity>
  <timestamp>Mon Jul 10 13:44:25 2017</timestamp>
</msg>
<msg id="11" tool="tc">
  <type>LOAD_MODULE</type>
  <arg>/lib64/libmemkind.so.0</arg>
  <arg>0x7fca52537000</arg>
  <arg>0x7fca5278da07</arg>
  <severity>INFO</severity>
  <timestamp>Mon Jul 10 13:44:25 2017</timestamp>
</msg>
<msg id="12" tool="tc">
  <type>LOAD_MODULE</type>
  <arg>/lib64/libstdc++.so.6</arg>
  <arg>0x7fca5222e000</arg>
  <arg>0x7fca5253641f</arg>
  <severity>INFO</severity>
  <timestamp>Mon Jul 10 13:44:25 2017</timestamp>
</msg>
<msg id="13" tool="tc">
  <type>LOAD_MODULE</type>
  <arg>/lib64/libgcc_s.so.1</arg>
  <arg>0x7fca52018000</arg>
  <arg>0x7fca5222d3ff</arg>
  <severity>INFO</severity>
  <timestamp>Mon Jul 10 13:44:26 2017</timestamp>
</msg>
<msg id="14" tool="tc">
  <type>LOAD_MODULE</type>
  <arg>/lib64/libpthread.so.0</arg>
  <arg>0x7fca51dfc000</arg>
  <arg>0x7fca5201745f</arg>
  <severity>INFO</severity>
  <timestamp>Mon Jul 10 13:44:26 2017</timestamp>
</msg>
<msg id="15" tool="tc">
  <type>LOAD_MODULE</type>
  <arg>/lib64/libc.so.6</arg>
  <arg>0x7fca51a3b000</arg>
  <arg>0x7fca51dfb1ff</arg>
  <severity>INFO</severity>
  <timestamp>Mon Jul 10 13:44:26 2017</timestamp>
</msg>
<msg id="16" tool="tc">
  <type>LOAD_MODULE</type>
  <arg>/lib64/libdl.so.2</arg>
  <arg>0x7fca51837000</arg>
  <arg>0x7fca51a3a12f</arg>
  <severity>INFO</severity>
  <timestamp>Mon Jul 10 13:44:26 2017</timestamp>
</msg>
<msg id="17" tool="tc">
  <type>LOAD_MODULE</type>
  <arg>/lib64/libnuma.so.1</arg>
  <arg>0x7fca51605000</arg>
  <arg>0x7fca518108e7</arg>
  <severity>INFO</severity>
  <timestamp>Mon Jul 10 13:44:26 2017</timestamp>
</msg>
<msg id="18" tool="tc">
  <type>LOAD_MODULE</type>
  <arg>/opt/intel/advisor_2017.1.3.510716/lib64/runtime/libittnotify.so</arg>
  <arg>0x7fca4edcd000</arg>
  <arg>0x7fca4efd889f</arg>
  <severity>INFO</severity>
  <timestamp>Mon Jul 10 13:44:32 2017</timestamp>
</msg>
<msg id="19" tool="tc">
  <type>TOO_FEW_ITERATIONS</type>
  <arg>loop_site_29</arg>
  <arg>0</arg>
  <severity>WARNING</severity>
  <timestamp>Mon Jul 10 13:44:57 2017</timestamp>
</msg>
<msg id="20" tool="tc">
  <type>TOO_FEW_ITERATIONS</type>
  <arg>loop_site_28</arg>
  <arg>2</arg>
  <severity>WARNING</severity>
  <timestamp>Mon Jul 10 13:44:57 2017</timestamp>
</msg>
<msg id="21" tool="tc">
  <type>TOO_FEW_ITERATIONS</type>
  <arg>loop_site_26</arg>
  <arg>0</arg>
  <severity>WARNING</severity>
  <timestamp>Mon Jul 10 13:44:57 2017</timestamp>
</msg>
<msg id="22" tool="tc">
  <type>BAD_ANNOTATION</type>
  <arg>0x1c</arg>
  <arg>0x1a</arg>
  <severity>WARNING</severity>
  <timestamp>Mon Jul 10 13:45:02 2017</timestamp>
</msg>
<msg id="23" tool="tc">
  <type>BAD_ANNOTATION</type>
  <arg>0x1d</arg>
  <arg>0x1a</arg>
  <severity>WARNING</severity>
  <timestamp>Mon Jul 10 13:47:07 2017</timestamp>
</msg>
<msg id="24" tool="tc">
  <type>BAD_ANNOTATION</type>
  <arg>0x18</arg>
  <arg>0x1a</arg>
  <severity>WARNING</severity>
  <timestamp>Mon Jul 10 13:47:07 2017</timestamp>
</msg>
<msg id="25" tool="tc">
  <type>BAD_ANNOTATION</type>
  <arg>0x1a</arg>
  <arg>0x1b</arg>
  <severity>WARNING</severity>
  <timestamp>Mon Jul 10 13:47:07 2017</timestamp>
</msg>
<msg id="26" tool="tc">
  <type>TOO_FEW_ITERATIONS</type>
  <arg>loop_site_27</arg>
  <arg>1</arg>
  <severity>WARNING</severity>
  <timestamp>Mon Jul 10 13:47:22 2017</timestamp>
</msg>
<msg id="27" tool="tc">
  <type>UNLOAD_MODULE</type>
  <arg>/home/AstroVPK/code/lu/luDecomp</arg>
  <severity>INFO</severity>
  <timestamp>Mon Jul 10 15:46:51 2017</timestamp>
</msg>
<msg id="28" tool="tc">
  <type>UNLOAD_MODULE</type>
  <arg>/lib64/ld-linux-x86-64.so.2</arg>
  <severity>INFO</severity>
  <timestamp>Mon Jul 10 15:46:51 2017</timestamp>
</msg>
<msg id="29" tool="tc">
  <type>UNLOAD_MODULE</type>
  <arg>[vdso]</arg>
  <severity>INFO</severity>
  <timestamp>Mon Jul 10 15:46:51 2017</timestamp>
</msg>
<msg id="30" tool="tc">
  <type>UNLOAD_MODULE</type>
  <arg>/lib64/libm.so.6</arg>
  <severity>INFO</severity>
  <timestamp>Mon Jul 10 15:46:51 2017</timestamp>
</msg>
<msg id="31" tool="tc">
  <type>UNLOAD_MODULE</type>
  <arg>/opt/intel/compilers_and_libraries_2017.4.196/linux/compiler/lib/intel64/libiomp5.so</arg>
  <severity>INFO</severity>
  <timestamp>Mon Jul 10 15:46:51 2017</timestamp>
</msg>
<msg id="32" tool="tc">
  <type>UNLOAD_MODULE</type>
  <arg>/lib64/libmemkind.so.0</arg>
  <severity>INFO</severity>
  <timestamp>Mon Jul 10 15:46:51 2017</timestamp>
</msg>
<msg id="33" tool="tc">
  <type>UNLOAD_MODULE</type>
  <arg>/lib64/libstdc++.so.6</arg>
  <severity>INFO</severity>
  <timestamp>Mon Jul 10 15:46:51 2017</timestamp>
</msg>
<msg id="34" tool="tc">
  <type>UNLOAD_MODULE</type>
  <arg>/lib64/libgcc_s.so.1</arg>
  <severity>INFO</severity>
  <timestamp>Mon Jul 10 15:46:51 2017</timestamp>
</msg>
<msg id="35" tool="tc">
  <type>UNLOAD_MODULE</type>
  <arg>/lib64/libpthread.so.0</arg>
  <severity>INFO</severity>
  <timestamp>Mon Jul 10 15:46:51 2017</timestamp>
</msg>
<msg id="36" tool="tc">
  <type>UNLOAD_MODULE</type>
  <arg>/lib64/libc.so.6</arg>
  <severity>INFO</severity>
  <timestamp>Mon Jul 10 15:46:51 2017</timestamp>
</msg>
<msg id="37" tool="tc">
  <type>UNLOAD_MODULE</type>
  <arg>/lib64/libdl.so.2</arg>
  <severity>INFO</severity>
  <timestamp>Mon Jul 10 15:46:51 2017</timestamp>
</msg>
<msg id="38" tool="tc">
  <type>UNLOAD_MODULE</type>
  <arg>/lib64/libnuma.so.1</arg>
  <severity>INFO</severity>
  <timestamp>Mon Jul 10 15:46:51 2017</timestamp>
</msg>
<msg id="39" tool="tc">
  <type>UNLOAD_MODULE</type>
  <arg>/opt/intel/advisor_2017.1.3.510716/lib64/runtime/libittnotify.so</arg>
  <severity>INFO</severity>
  <timestamp>Mon Jul 10 15:46:51 2017</timestamp>
</msg>
<msg id="40" tool="tc">
  <type>PROCESS_TERMINATE</type>
  <arg>/home/AstroVPK/code/lu/luDecomp</arg>
  <arg>91368</arg>
  <severity>INFO</severity>
  <timestamp>Mon Jul 10 15:46:51 2017</timestamp>
</msg>
<msg id="41" tool="tc">
  <type>ANALYSIS_COMPLETE</type>
  <severity>INFO</severity>
  <timestamp>Mon Jul 10 15:46:51 2017</timestamp>
</msg>
<msg id="42" tool="tc">
  <type>STOP</type>
  <severity>INFO</severity>
  <timestamp>Mon Jul 10 15:46:51 2017</timestamp>
</msg>
<msg id="43" tool="runtool">
  <type>app-exit-code</type>
  <arg>0</arg>
</msg>
<msg id="44" tool="runtool">
  <type>marker-file</type>
  <arg>/home/AstroVPK/Documents/luDecomp/e000/mp000/mp000.advixe</arg>
</msg>
<msg id="45" tool="runtool">
  <type>collector-done</type>
</msg>
<msg id="46" tool="runtool">
  <type>log-end</type>
  <arg>2017/07/10 15:46:55</arg>
</msg>

</log>

