<?xml version="1.0" encoding="utf-8" ?>
<!-- DO NOT EDIT THIS FILE -->

<log version='2.0' source='tcet'>
	<!-- Opened annotation file /opt/intel/advisor_2017.1.3.510716/lib64/../config/tc/map.ant -->
	<!-- Opened annotation file /opt/intel/advisor_2017.1.3.510716/lib64/../config/tc/allocators.ant -->
	<msg id='1' display='false' source='map'>
		<type>START</type>
		<severity>INFO</severity>
		<timestamp>Mon Jul 10 13:44:23 2017</timestamp>
	</msg>
	<!-- Successfully loaded CCRT 13.1.2 at address 0x7fca666d7000 - 0x7fca666e0000 -->
	<!-- Successfully loaded the TC Analysis Core 8.1.5 at address 0x7fca538fb000 - 0x7fca5390b000 -->
	<!-- Successfully loaded the TC Instrumentation Engine 8.1.5 at address 0x7fca666e0000 - 0x7fca6693c000 -->
	<!-- This is the instance of interest -->
	<msg id='2' source='tcet'>
		<type>EXEC_OF_INTEREST</type>
		<severity>INFO</severity>
		<timestamp>Mon Jul 10 13:44:23 2017</timestamp>
		<arg name='process'>/home/AstroVPK/code/lu/luDecomp</arg>
		<arg name='pid'>91368</arg>
	</msg>
	<msg id='3' source='tcet'>
		<type>LOAD_MODULE</type>
		<severity>INFO</severity>
		<timestamp>Mon Jul 10 13:44:23 2017</timestamp>
		<arg name='module'>/home/AstroVPK/code/lu/luDecomp</arg>
		<arg name='basement'>0x400000</arg>
		<arg name='ceiling'>0x6169bf</arg>
	</msg>
	<msg id='4' source='tcet'>
		<type>LOAD_MODULE</type>
		<severity>INFO</severity>
		<timestamp>Mon Jul 10 13:44:23 2017</timestamp>
		<arg name='module'>/lib64/ld-linux-x86-64.so.2</arg>
		<arg name='basement'>0x7fca676bf000</arg>
		<arg name='ceiling'>0x7fca678e114f</arg>
	</msg>
	<msg id='5' source='tcet'>
		<type>LOAD_MODULE</type>
		<severity>INFO</severity>
		<timestamp>Mon Jul 10 13:44:23 2017</timestamp>
		<arg name='module'>[vdso]</arg>
		<arg name='basement'>0x7ffd7d52e000</arg>
		<arg name='ceiling'>0x7ffd7d52efdc</arg>
	</msg>
	<msg id='6' source='tcet'>
		<type>LOAD_MODULE</type>
		<severity>INFO</severity>
		<timestamp>Mon Jul 10 13:44:25 2017</timestamp>
		<arg name='module'>/lib64/libm.so.6</arg>
		<arg name='basement'>0x7fca52bc1000</arg>
		<arg name='ceiling'>0x7fca52ec2147</arg>
	</msg>
	<msg id='7' source='tcet'>
		<type>LOAD_MODULE</type>
		<severity>INFO</severity>
		<timestamp>Mon Jul 10 13:44:25 2017</timestamp>
		<arg name='module'>/opt/intel/compilers_and_libraries_2017.4.196/linux/compiler/lib/intel64/libiomp5.so</arg>
		<arg name='basement'>0x7fca5278e000</arg>
		<arg name='ceiling'>0x7fca52b319bf</arg>
	</msg>
	<msg id='8' source='tcet'>
		<type>LOAD_MODULE</type>
		<severity>INFO</severity>
		<timestamp>Mon Jul 10 13:44:25 2017</timestamp>
		<arg name='module'>/lib64/libmemkind.so.0</arg>
		<arg name='basement'>0x7fca52537000</arg>
		<arg name='ceiling'>0x7fca5278da07</arg>
	</msg>
	<msg id='9' source='tcet'>
		<type>LOAD_MODULE</type>
		<severity>INFO</severity>
		<timestamp>Mon Jul 10 13:44:25 2017</timestamp>
		<arg name='module'>/lib64/libstdc++.so.6</arg>
		<arg name='basement'>0x7fca5222e000</arg>
		<arg name='ceiling'>0x7fca5253641f</arg>
	</msg>
	<msg id='10' source='tcet'>
		<type>LOAD_MODULE</type>
		<severity>INFO</severity>
		<timestamp>Mon Jul 10 13:44:26 2017</timestamp>
		<arg name='module'>/lib64/libgcc_s.so.1</arg>
		<arg name='basement'>0x7fca52018000</arg>
		<arg name='ceiling'>0x7fca5222d3ff</arg>
	</msg>
	<msg id='11' source='tcet'>
		<type>LOAD_MODULE</type>
		<severity>INFO</severity>
		<timestamp>Mon Jul 10 13:44:26 2017</timestamp>
		<arg name='module'>/lib64/libpthread.so.0</arg>
		<arg name='basement'>0x7fca51dfc000</arg>
		<arg name='ceiling'>0x7fca5201745f</arg>
	</msg>
	<msg id='12' source='tcet'>
		<type>LOAD_MODULE</type>
		<severity>INFO</severity>
		<timestamp>Mon Jul 10 13:44:26 2017</timestamp>
		<arg name='module'>/lib64/libc.so.6</arg>
		<arg name='basement'>0x7fca51a3b000</arg>
		<arg name='ceiling'>0x7fca51dfb1ff</arg>
	</msg>
	<msg id='13' source='tcet'>
		<type>LOAD_MODULE</type>
		<severity>INFO</severity>
		<timestamp>Mon Jul 10 13:44:26 2017</timestamp>
		<arg name='module'>/lib64/libdl.so.2</arg>
		<arg name='basement'>0x7fca51837000</arg>
		<arg name='ceiling'>0x7fca51a3a12f</arg>
	</msg>
	<msg id='14' source='tcet'>
		<type>LOAD_MODULE</type>
		<severity>INFO</severity>
		<timestamp>Mon Jul 10 13:44:26 2017</timestamp>
		<arg name='module'>/lib64/libnuma.so.1</arg>
		<arg name='basement'>0x7fca51605000</arg>
		<arg name='ceiling'>0x7fca518108e7</arg>
	</msg>
	<msg id='15' source='tcet'>
		<type>LOAD_MODULE</type>
		<severity>INFO</severity>
		<timestamp>Mon Jul 10 13:44:32 2017</timestamp>
		<arg name='module'>/opt/intel/advisor_2017.1.3.510716/lib64/runtime/libittnotify.so</arg>
		<arg name='basement'>0x7fca4edcd000</arg>
		<arg name='ceiling'>0x7fca4efd889f</arg>
	</msg>
	<msg id='16' source='map'>
		<type>TOO_FEW_ITERATIONS</type>
		<severity>WARNING</severity>
		<timestamp>Mon Jul 10 13:44:57 2017</timestamp>
		<arg name='site_id'>loop_site_29</arg>
		<arg name='iterations'>0</arg>
	</msg>
	<msg id='17' source='map'>
		<type>TOO_FEW_ITERATIONS</type>
		<severity>WARNING</severity>
		<timestamp>Mon Jul 10 13:44:57 2017</timestamp>
		<arg name='site_id'>loop_site_28</arg>
		<arg name='iterations'>2</arg>
	</msg>
	<msg id='18' source='map'>
		<type>TOO_FEW_ITERATIONS</type>
		<severity>WARNING</severity>
		<timestamp>Mon Jul 10 13:44:57 2017</timestamp>
		<arg name='site_id'>loop_site_26</arg>
		<arg name='iterations'>0</arg>
	</msg>
	<msg id='19' source='map'>
		<type>BAD_ANNOTATION</type>
		<severity>WARNING</severity>
		<timestamp>Mon Jul 10 13:45:02 2017</timestamp>
		<arg name='end_id'>0x1c</arg>
		<arg name='begin_id'>0x1a</arg>
	</msg>
	<msg id='20' source='map'>
		<type>BAD_ANNOTATION</type>
		<severity>WARNING</severity>
		<timestamp>Mon Jul 10 13:47:07 2017</timestamp>
		<arg name='end_id'>0x1d</arg>
		<arg name='begin_id'>0x1a</arg>
	</msg>
	<msg id='21' source='map'>
		<type>BAD_ANNOTATION</type>
		<severity>WARNING</severity>
		<timestamp>Mon Jul 10 13:47:07 2017</timestamp>
		<arg name='end_id'>0x18</arg>
		<arg name='begin_id'>0x1a</arg>
	</msg>
	<msg id='22' source='map'>
		<type>BAD_ANNOTATION</type>
		<severity>WARNING</severity>
		<timestamp>Mon Jul 10 13:47:07 2017</timestamp>
		<arg name='end_id'>0x1a</arg>
		<arg name='begin_id'>0x1b</arg>
	</msg>
	<msg id='23' source='map'>
		<type>TOO_FEW_ITERATIONS</type>
		<severity>WARNING</severity>
		<timestamp>Mon Jul 10 13:47:22 2017</timestamp>
		<arg name='site_id'>loop_site_27</arg>
		<arg name='iterations'>1</arg>
	</msg>
	<msg id='24' source='tcet'>
		<type>UNLOAD_MODULE</type>
		<severity>INFO</severity>
		<timestamp>Mon Jul 10 15:46:51 2017</timestamp>
		<arg name='module'>/home/AstroVPK/code/lu/luDecomp</arg>
	</msg>
	<msg id='25' source='tcet'>
		<type>UNLOAD_MODULE</type>
		<severity>INFO</severity>
		<timestamp>Mon Jul 10 15:46:51 2017</timestamp>
		<arg name='module'>/lib64/ld-linux-x86-64.so.2</arg>
	</msg>
	<msg id='26' source='tcet'>
		<type>UNLOAD_MODULE</type>
		<severity>INFO</severity>
		<timestamp>Mon Jul 10 15:46:51 2017</timestamp>
		<arg name='module'>[vdso]</arg>
	</msg>
	<msg id='27' source='tcet'>
		<type>UNLOAD_MODULE</type>
		<severity>INFO</severity>
		<timestamp>Mon Jul 10 15:46:51 2017</timestamp>
		<arg name='module'>/lib64/libm.so.6</arg>
	</msg>
	<msg id='28' source='tcet'>
		<type>UNLOAD_MODULE</type>
		<severity>INFO</severity>
		<timestamp>Mon Jul 10 15:46:51 2017</timestamp>
		<arg name='module'>/opt/intel/compilers_and_libraries_2017.4.196/linux/compiler/lib/intel64/libiomp5.so</arg>
	</msg>
	<msg id='29' source='tcet'>
		<type>UNLOAD_MODULE</type>
		<severity>INFO</severity>
		<timestamp>Mon Jul 10 15:46:51 2017</timestamp>
		<arg name='module'>/lib64/libmemkind.so.0</arg>
	</msg>
	<msg id='30' source='tcet'>
		<type>UNLOAD_MODULE</type>
		<severity>INFO</severity>
		<timestamp>Mon Jul 10 15:46:51 2017</timestamp>
		<arg name='module'>/lib64/libstdc++.so.6</arg>
	</msg>
	<msg id='31' source='tcet'>
		<type>UNLOAD_MODULE</type>
		<severity>INFO</severity>
		<timestamp>Mon Jul 10 15:46:51 2017</timestamp>
		<arg name='module'>/lib64/libgcc_s.so.1</arg>
	</msg>
	<msg id='32' source='tcet'>
		<type>UNLOAD_MODULE</type>
		<severity>INFO</severity>
		<timestamp>Mon Jul 10 15:46:51 2017</timestamp>
		<arg name='module'>/lib64/libpthread.so.0</arg>
	</msg>
	<msg id='33' source='tcet'>
		<type>UNLOAD_MODULE</type>
		<severity>INFO</severity>
		<timestamp>Mon Jul 10 15:46:51 2017</timestamp>
		<arg name='module'>/lib64/libc.so.6</arg>
	</msg>
	<msg id='34' source='tcet'>
		<type>UNLOAD_MODULE</type>
		<severity>INFO</severity>
		<timestamp>Mon Jul 10 15:46:51 2017</timestamp>
		<arg name='module'>/lib64/libdl.so.2</arg>
	</msg>
	<msg id='35' source='tcet'>
		<type>UNLOAD_MODULE</type>
		<severity>INFO</severity>
		<timestamp>Mon Jul 10 15:46:51 2017</timestamp>
		<arg name='module'>/lib64/libnuma.so.1</arg>
	</msg>
	<msg id='36' source='tcet'>
		<type>UNLOAD_MODULE</type>
		<severity>INFO</severity>
		<timestamp>Mon Jul 10 15:46:51 2017</timestamp>
		<arg name='module'>/opt/intel/advisor_2017.1.3.510716/lib64/runtime/libittnotify.so</arg>
	</msg>
	<msg id='37' source='tcet'>
		<type>PROCESS_TERMINATE</type>
		<severity>INFO</severity>
		<timestamp>Mon Jul 10 15:46:51 2017</timestamp>
		<arg name='process'>/home/AstroVPK/code/lu/luDecomp</arg>
		<arg name='pid'>91368</arg>
	</msg>
	<msg id='38' display='false' source='map'>
		<type>ANALYSIS_COMPLETE</type>
		<severity>INFO</severity>
		<timestamp>Mon Jul 10 15:46:51 2017</timestamp>
	</msg>
	<msg id='39' display='false' source='map'>
		<type>STOP</type>
		<severity>INFO</severity>
		<timestamp>Mon Jul 10 15:46:51 2017</timestamp>
	</msg>
</log>