<?xml version="1.0" encoding="utf-8"?>
<log version="1.0" tool="runtool">

<msg id="1" tool="runtool">
  <type>log-start</type>
  <arg>2017/07/20 10:40:44</arg>
</msg>
<msg id="2" tool="runtool">
  <type>collector-starts</type>
</msg>
<msg id="3" tool="runtool">
  <type>marker-file</type>
  <arg>/home/AstroVPK/Documents/luDecomp/AnnotOpt/e000/dp000/dp000.advixe</arg>
</msg>
<msg id="4" tool="tc">
  <type>START</type>
  <severity>INFO</severity>
  <timestamp>Thu Jul 20 10:40:45 2017</timestamp>
</msg>
<msg id="5" tool="tc">
  <type>EXEC_OF_INTEREST</type>
  <arg>/home/AstroVPK/code/lu/luDecomp</arg>
  <arg>29016</arg>
  <severity>INFO</severity>
  <timestamp>Thu Jul 20 10:40:45 2017</timestamp>
</msg>
<msg id="6" tool="tc">
  <type>LOAD_MODULE</type>
  <arg>/home/AstroVPK/code/lu/luDecomp</arg>
  <arg>0x400000</arg>
  <arg>0x6169df</arg>
  <severity>INFO</severity>
  <timestamp>Thu Jul 20 10:40:45 2017</timestamp>
</msg>
<msg id="7" tool="tc">
  <type>LOAD_MODULE</type>
  <arg>/lib64/ld-linux-x86-64.so.2</arg>
  <arg>0x7f87debaf000</arg>
  <arg>0x7f87dedd114f</arg>
  <severity>INFO</severity>
  <timestamp>Thu Jul 20 10:40:45 2017</timestamp>
</msg>
<msg id="8" tool="tc">
  <type>LOAD_MODULE</type>
  <arg>[vdso]</arg>
  <arg>0x7fff623e9000</arg>
  <arg>0x7fff623e9fdc</arg>
  <severity>INFO</severity>
  <timestamp>Thu Jul 20 10:40:45 2017</timestamp>
</msg>
<msg id="9" tool="tc">
  <type>LOAD_MODULE</type>
  <arg>/usr/lib64/libm.so.6</arg>
  <arg>0x7f87c9a80000</arg>
  <arg>0x7f87c9d81147</arg>
  <severity>INFO</severity>
  <timestamp>Thu Jul 20 10:40:47 2017</timestamp>
</msg>
<msg id="10" tool="tc">
  <type>LOAD_MODULE</type>
  <arg>/home/AstroVPK/intel/compilers_and_libraries_2017.4.196/linux/compiler/lib/intel64/libiomp5.so</arg>
  <arg>0x7f87c9664000</arg>
  <arg>0x7f87c9a079bf</arg>
  <severity>INFO</severity>
  <timestamp>Thu Jul 20 10:40:47 2017</timestamp>
</msg>
<msg id="11" tool="tc">
  <type>LOAD_MODULE</type>
  <arg>/usr/lib64/libmemkind.so.0</arg>
  <arg>0x7f87c940d000</arg>
  <arg>0x7f87c9663a07</arg>
  <severity>INFO</severity>
  <timestamp>Thu Jul 20 10:40:47 2017</timestamp>
</msg>
<msg id="12" tool="tc">
  <type>LOAD_MODULE</type>
  <arg>/usr/local/lib64/libstdc++.so.6</arg>
  <arg>0x7f87c908d000</arg>
  <arg>0x7f87c940c33f</arg>
  <severity>INFO</severity>
  <timestamp>Thu Jul 20 10:40:48 2017</timestamp>
</msg>
<msg id="13" tool="tc">
  <type>LOAD_MODULE</type>
  <arg>/usr/local/lib64/libgcc_s.so.1</arg>
  <arg>0x7f87c8e76000</arg>
  <arg>0x7f87c908c44f</arg>
  <severity>INFO</severity>
  <timestamp>Thu Jul 20 10:40:49 2017</timestamp>
</msg>
<msg id="14" tool="tc">
  <type>LOAD_MODULE</type>
  <arg>/usr/lib64/libpthread.so.0</arg>
  <arg>0x7f87c8c5a000</arg>
  <arg>0x7f87c8e7545f</arg>
  <severity>INFO</severity>
  <timestamp>Thu Jul 20 10:40:49 2017</timestamp>
</msg>
<msg id="15" tool="tc">
  <type>LOAD_MODULE</type>
  <arg>/usr/lib64/libc.so.6</arg>
  <arg>0x7f87c8899000</arg>
  <arg>0x7f87c8c591ff</arg>
  <severity>INFO</severity>
  <timestamp>Thu Jul 20 10:40:49 2017</timestamp>
</msg>
<msg id="16" tool="tc">
  <type>LOAD_MODULE</type>
  <arg>/usr/lib64/libdl.so.2</arg>
  <arg>0x7f87c8695000</arg>
  <arg>0x7f87c889812f</arg>
  <severity>INFO</severity>
  <timestamp>Thu Jul 20 10:40:50 2017</timestamp>
</msg>
<msg id="17" tool="tc">
  <type>LOAD_MODULE</type>
  <arg>/usr/lib64/libnuma.so.1</arg>
  <arg>0x7f87c8473000</arg>
  <arg>0x7f87c867e8e7</arg>
  <severity>INFO</severity>
  <timestamp>Thu Jul 20 10:40:50 2017</timestamp>
</msg>
<msg id="18" tool="tc">
  <type>LOAD_MODULE</type>
  <arg>/home/AstroVPK/intel/advisor_2017.1.3.510716/lib64/runtime/libittnotify.so</arg>
  <arg>0x7f87c5052000</arg>
  <arg>0x7f87c525d89f</arg>
  <severity>INFO</severity>
  <timestamp>Thu Jul 20 10:40:56 2017</timestamp>
</msg>
<msg id="19" tool="tc">
  <type>UNLOAD_MODULE</type>
  <arg>/home/AstroVPK/code/lu/luDecomp</arg>
  <severity>INFO</severity>
  <timestamp>Thu Jul 20 11:14:30 2017</timestamp>
</msg>
<msg id="20" tool="tc">
  <type>UNLOAD_MODULE</type>
  <arg>/lib64/ld-linux-x86-64.so.2</arg>
  <severity>INFO</severity>
  <timestamp>Thu Jul 20 11:14:30 2017</timestamp>
</msg>
<msg id="21" tool="tc">
  <type>UNLOAD_MODULE</type>
  <arg>[vdso]</arg>
  <severity>INFO</severity>
  <timestamp>Thu Jul 20 11:14:30 2017</timestamp>
</msg>
<msg id="22" tool="tc">
  <type>UNLOAD_MODULE</type>
  <arg>/usr/lib64/libm.so.6</arg>
  <severity>INFO</severity>
  <timestamp>Thu Jul 20 11:14:30 2017</timestamp>
</msg>
<msg id="23" tool="tc">
  <type>UNLOAD_MODULE</type>
  <arg>/home/AstroVPK/intel/compilers_and_libraries_2017.4.196/linux/compiler/lib/intel64/libiomp5.so</arg>
  <severity>INFO</severity>
  <timestamp>Thu Jul 20 11:14:30 2017</timestamp>
</msg>
<msg id="24" tool="tc">
  <type>UNLOAD_MODULE</type>
  <arg>/usr/lib64/libmemkind.so.0</arg>
  <severity>INFO</severity>
  <timestamp>Thu Jul 20 11:14:30 2017</timestamp>
</msg>
<msg id="25" tool="tc">
  <type>UNLOAD_MODULE</type>
  <arg>/usr/local/lib64/libstdc++.so.6</arg>
  <severity>INFO</severity>
  <timestamp>Thu Jul 20 11:14:30 2017</timestamp>
</msg>
<msg id="26" tool="tc">
  <type>UNLOAD_MODULE</type>
  <arg>/usr/local/lib64/libgcc_s.so.1</arg>
  <severity>INFO</severity>
  <timestamp>Thu Jul 20 11:14:30 2017</timestamp>
</msg>
<msg id="27" tool="tc">
  <type>UNLOAD_MODULE</type>
  <arg>/usr/lib64/libpthread.so.0</arg>
  <severity>INFO</severity>
  <timestamp>Thu Jul 20 11:14:30 2017</timestamp>
</msg>
<msg id="28" tool="tc">
  <type>UNLOAD_MODULE</type>
  <arg>/usr/lib64/libc.so.6</arg>
  <severity>INFO</severity>
  <timestamp>Thu Jul 20 11:14:30 2017</timestamp>
</msg>
<msg id="29" tool="tc">
  <type>UNLOAD_MODULE</type>
  <arg>/usr/lib64/libdl.so.2</arg>
  <severity>INFO</severity>
  <timestamp>Thu Jul 20 11:14:30 2017</timestamp>
</msg>
<msg id="30" tool="tc">
  <type>UNLOAD_MODULE</type>
  <arg>/usr/lib64/libnuma.so.1</arg>
  <severity>INFO</severity>
  <timestamp>Thu Jul 20 11:14:30 2017</timestamp>
</msg>
<msg id="31" tool="tc">
  <type>UNLOAD_MODULE</type>
  <arg>/home/AstroVPK/intel/advisor_2017.1.3.510716/lib64/runtime/libittnotify.so</arg>
  <severity>INFO</severity>
  <timestamp>Thu Jul 20 11:14:30 2017</timestamp>
</msg>
<msg id="32" tool="tc">
  <type>PROCESS_TERMINATE</type>
  <arg>/home/AstroVPK/code/lu/luDecomp</arg>
  <arg>29016</arg>
  <severity>INFO</severity>
  <timestamp>Thu Jul 20 11:14:30 2017</timestamp>
</msg>
<msg id="33" tool="tc">
  <type>ANALYSIS_COMPLETE</type>
  <severity>INFO</severity>
  <timestamp>Thu Jul 20 11:14:30 2017</timestamp>
</msg>
<msg id="34" tool="tc">
  <type>STOP</type>
  <severity>INFO</severity>
  <timestamp>Thu Jul 20 11:14:30 2017</timestamp>
</msg>
<msg id="35" tool="runtool">
  <type>app-exit-code</type>
  <arg>0</arg>
</msg>
<msg id="36" tool="runtool">
  <type>marker-file</type>
  <arg>/home/AstroVPK/Documents/luDecomp/AnnotOpt/e000/dp000/dp000.advixe</arg>
</msg>
<msg id="37" tool="runtool">
  <type>collector-done</type>
</msg>
<msg id="38" tool="runtool">
  <type>log-end</type>
  <arg>2017/07/20 11:14:33</arg>
</msg>

</log>

