<?xml version="1.0" encoding="utf-8" ?>
<!-- DO NOT EDIT THIS FILE -->

<log version='2.0' source='tcet'>
	<!-- Opened annotation file /home/AstroVPK/intel/advisor_2017.1.3.510716/lib64/../config/tc/qt.ant -->
	<!-- Opened annotation file /home/AstroVPK/intel/advisor_2017.1.3.510716/lib64/../config/tc/cpp11.ant -->
	<!-- Opened annotation file /home/AstroVPK/intel/advisor_2017.1.3.510716/lib64/../config/tc/fortran.ant -->
	<!-- Opened annotation file /home/AstroVPK/intel/advisor_2017.1.3.510716/lib64/../config/tc/icl.ant -->
	<!-- Opened annotation file /home/AstroVPK/intel/advisor_2017.1.3.510716/lib64/../config/tc/allocators.ant -->
	<!-- Opened annotation file /home/AstroVPK/intel/advisor_2017.1.3.510716/lib64/../config/tc/userapi.ant -->
	<msg id='1' display='false' source='tccore'>
		<type>START</type>
		<severity>INFO</severity>
		<timestamp>Thu Jul 20 10:40:45 2017</timestamp>
	</msg>
	<!-- Successfully loaded CCRT 13.1.2 at address 0x7f87ddbc7000 - 0x7f87ddbd0000 -->
	<!-- Successfully loaded the TC Analysis Core 8.1.5 at address 0x7f87cab3a000 - 0x7f87cab76000 -->
	<!-- Successfully loaded the TC Instrumentation Engine 8.1.5 at address 0x7f87ddbd0000 - 0x7f87dde2c000 -->
	<!-- This is the instance of interest -->
	<msg id='2' source='tcet'>
		<type>EXEC_OF_INTEREST</type>
		<severity>INFO</severity>
		<timestamp>Thu Jul 20 10:40:45 2017</timestamp>
		<arg name='process'>/home/AstroVPK/code/lu/luDecomp</arg>
		<arg name='pid'>29016</arg>
	</msg>
	<msg id='3' source='tcet'>
		<type>LOAD_MODULE</type>
		<severity>INFO</severity>
		<timestamp>Thu Jul 20 10:40:45 2017</timestamp>
		<arg name='module'>/home/AstroVPK/code/lu/luDecomp</arg>
		<arg name='basement'>0x400000</arg>
		<arg name='ceiling'>0x6169df</arg>
	</msg>
	<msg id='4' source='tcet'>
		<type>LOAD_MODULE</type>
		<severity>INFO</severity>
		<timestamp>Thu Jul 20 10:40:45 2017</timestamp>
		<arg name='module'>/lib64/ld-linux-x86-64.so.2</arg>
		<arg name='basement'>0x7f87debaf000</arg>
		<arg name='ceiling'>0x7f87dedd114f</arg>
	</msg>
	<msg id='5' source='tcet'>
		<type>LOAD_MODULE</type>
		<severity>INFO</severity>
		<timestamp>Thu Jul 20 10:40:45 2017</timestamp>
		<arg name='module'>[vdso]</arg>
		<arg name='basement'>0x7fff623e9000</arg>
		<arg name='ceiling'>0x7fff623e9fdc</arg>
	</msg>
	<msg id='6' source='tcet'>
		<type>LOAD_MODULE</type>
		<severity>INFO</severity>
		<timestamp>Thu Jul 20 10:40:47 2017</timestamp>
		<arg name='module'>/usr/lib64/libm.so.6</arg>
		<arg name='basement'>0x7f87c9a80000</arg>
		<arg name='ceiling'>0x7f87c9d81147</arg>
	</msg>
	<msg id='7' source='tcet'>
		<type>LOAD_MODULE</type>
		<severity>INFO</severity>
		<timestamp>Thu Jul 20 10:40:47 2017</timestamp>
		<arg name='module'>/home/AstroVPK/intel/compilers_and_libraries_2017.4.196/linux/compiler/lib/intel64/libiomp5.so</arg>
		<arg name='basement'>0x7f87c9664000</arg>
		<arg name='ceiling'>0x7f87c9a079bf</arg>
	</msg>
	<msg id='8' source='tcet'>
		<type>LOAD_MODULE</type>
		<severity>INFO</severity>
		<timestamp>Thu Jul 20 10:40:47 2017</timestamp>
		<arg name='module'>/usr/lib64/libmemkind.so.0</arg>
		<arg name='basement'>0x7f87c940d000</arg>
		<arg name='ceiling'>0x7f87c9663a07</arg>
	</msg>
	<msg id='9' source='tcet'>
		<type>LOAD_MODULE</type>
		<severity>INFO</severity>
		<timestamp>Thu Jul 20 10:40:48 2017</timestamp>
		<arg name='module'>/usr/local/lib64/libstdc++.so.6</arg>
		<arg name='basement'>0x7f87c908d000</arg>
		<arg name='ceiling'>0x7f87c940c33f</arg>
	</msg>
	<msg id='10' source='tcet'>
		<type>LOAD_MODULE</type>
		<severity>INFO</severity>
		<timestamp>Thu Jul 20 10:40:49 2017</timestamp>
		<arg name='module'>/usr/local/lib64/libgcc_s.so.1</arg>
		<arg name='basement'>0x7f87c8e76000</arg>
		<arg name='ceiling'>0x7f87c908c44f</arg>
	</msg>
	<msg id='11' source='tcet'>
		<type>LOAD_MODULE</type>
		<severity>INFO</severity>
		<timestamp>Thu Jul 20 10:40:49 2017</timestamp>
		<arg name='module'>/usr/lib64/libpthread.so.0</arg>
		<arg name='basement'>0x7f87c8c5a000</arg>
		<arg name='ceiling'>0x7f87c8e7545f</arg>
	</msg>
	<msg id='12' source='tcet'>
		<type>LOAD_MODULE</type>
		<severity>INFO</severity>
		<timestamp>Thu Jul 20 10:40:49 2017</timestamp>
		<arg name='module'>/usr/lib64/libc.so.6</arg>
		<arg name='basement'>0x7f87c8899000</arg>
		<arg name='ceiling'>0x7f87c8c591ff</arg>
	</msg>
	<msg id='13' source='tcet'>
		<type>LOAD_MODULE</type>
		<severity>INFO</severity>
		<timestamp>Thu Jul 20 10:40:50 2017</timestamp>
		<arg name='module'>/usr/lib64/libdl.so.2</arg>
		<arg name='basement'>0x7f87c8695000</arg>
		<arg name='ceiling'>0x7f87c889812f</arg>
	</msg>
	<msg id='14' source='tcet'>
		<type>LOAD_MODULE</type>
		<severity>INFO</severity>
		<timestamp>Thu Jul 20 10:40:50 2017</timestamp>
		<arg name='module'>/usr/lib64/libnuma.so.1</arg>
		<arg name='basement'>0x7f87c8473000</arg>
		<arg name='ceiling'>0x7f87c867e8e7</arg>
	</msg>
	<msg id='15' source='tcet'>
		<type>LOAD_MODULE</type>
		<severity>INFO</severity>
		<timestamp>Thu Jul 20 10:40:56 2017</timestamp>
		<arg name='module'>/home/AstroVPK/intel/advisor_2017.1.3.510716/lib64/runtime/libittnotify.so</arg>
		<arg name='basement'>0x7f87c5052000</arg>
		<arg name='ceiling'>0x7f87c525d89f</arg>
	</msg>
	<msg id='16' source='tcet'>
		<type>UNLOAD_MODULE</type>
		<severity>INFO</severity>
		<timestamp>Thu Jul 20 11:14:30 2017</timestamp>
		<arg name='module'>/home/AstroVPK/code/lu/luDecomp</arg>
	</msg>
	<msg id='17' source='tcet'>
		<type>UNLOAD_MODULE</type>
		<severity>INFO</severity>
		<timestamp>Thu Jul 20 11:14:30 2017</timestamp>
		<arg name='module'>/lib64/ld-linux-x86-64.so.2</arg>
	</msg>
	<msg id='18' source='tcet'>
		<type>UNLOAD_MODULE</type>
		<severity>INFO</severity>
		<timestamp>Thu Jul 20 11:14:30 2017</timestamp>
		<arg name='module'>[vdso]</arg>
	</msg>
	<msg id='19' source='tcet'>
		<type>UNLOAD_MODULE</type>
		<severity>INFO</severity>
		<timestamp>Thu Jul 20 11:14:30 2017</timestamp>
		<arg name='module'>/usr/lib64/libm.so.6</arg>
	</msg>
	<msg id='20' source='tcet'>
		<type>UNLOAD_MODULE</type>
		<severity>INFO</severity>
		<timestamp>Thu Jul 20 11:14:30 2017</timestamp>
		<arg name='module'>/home/AstroVPK/intel/compilers_and_libraries_2017.4.196/linux/compiler/lib/intel64/libiomp5.so</arg>
	</msg>
	<msg id='21' source='tcet'>
		<type>UNLOAD_MODULE</type>
		<severity>INFO</severity>
		<timestamp>Thu Jul 20 11:14:30 2017</timestamp>
		<arg name='module'>/usr/lib64/libmemkind.so.0</arg>
	</msg>
	<msg id='22' source='tcet'>
		<type>UNLOAD_MODULE</type>
		<severity>INFO</severity>
		<timestamp>Thu Jul 20 11:14:30 2017</timestamp>
		<arg name='module'>/usr/local/lib64/libstdc++.so.6</arg>
	</msg>
	<msg id='23' source='tcet'>
		<type>UNLOAD_MODULE</type>
		<severity>INFO</severity>
		<timestamp>Thu Jul 20 11:14:30 2017</timestamp>
		<arg name='module'>/usr/local/lib64/libgcc_s.so.1</arg>
	</msg>
	<msg id='24' source='tcet'>
		<type>UNLOAD_MODULE</type>
		<severity>INFO</severity>
		<timestamp>Thu Jul 20 11:14:30 2017</timestamp>
		<arg name='module'>/usr/lib64/libpthread.so.0</arg>
	</msg>
	<msg id='25' source='tcet'>
		<type>UNLOAD_MODULE</type>
		<severity>INFO</severity>
		<timestamp>Thu Jul 20 11:14:30 2017</timestamp>
		<arg name='module'>/usr/lib64/libc.so.6</arg>
	</msg>
	<msg id='26' source='tcet'>
		<type>UNLOAD_MODULE</type>
		<severity>INFO</severity>
		<timestamp>Thu Jul 20 11:14:30 2017</timestamp>
		<arg name='module'>/usr/lib64/libdl.so.2</arg>
	</msg>
	<msg id='27' source='tcet'>
		<type>UNLOAD_MODULE</type>
		<severity>INFO</severity>
		<timestamp>Thu Jul 20 11:14:30 2017</timestamp>
		<arg name='module'>/usr/lib64/libnuma.so.1</arg>
	</msg>
	<msg id='28' source='tcet'>
		<type>UNLOAD_MODULE</type>
		<severity>INFO</severity>
		<timestamp>Thu Jul 20 11:14:30 2017</timestamp>
		<arg name='module'>/home/AstroVPK/intel/advisor_2017.1.3.510716/lib64/runtime/libittnotify.so</arg>
	</msg>
	<msg id='29' source='tcet'>
		<type>PROCESS_TERMINATE</type>
		<severity>INFO</severity>
		<timestamp>Thu Jul 20 11:14:30 2017</timestamp>
		<arg name='process'>/home/AstroVPK/code/lu/luDecomp</arg>
		<arg name='pid'>29016</arg>
	</msg>
	<msg id='30' display='false' source='tccore'>
		<type>ANALYSIS_COMPLETE</type>
		<severity>INFO</severity>
		<timestamp>Thu Jul 20 11:14:30 2017</timestamp>
	</msg>
	<msg id='31' display='false' source='tccore'>
		<type>STOP</type>
		<severity>INFO</severity>
		<timestamp>Thu Jul 20 11:14:30 2017</timestamp>
	</msg>
</log>